<?xml version="1.0" encoding="UTF-8"?>
<testsuite xmlns:xsi="http://www.w3.org/2001/XMLSchema-instance" xsi:noNamespaceSchemaLocation="https://maven.apache.org/surefire/maven-surefire-plugin/xsd/surefire-test-report.xsd" name="com.ust.admin_service.service.MusicServiceTest" time="0.124" tests="9" errors="0" skipped="0" failures="0">
  <properties>
    <property name="java.specification.version" value="19"/>
    <property name="sun.cpu.isalist" value="amd64"/>
    <property name="sun.jnu.encoding" value="Cp1252"/>
    <property name="java.class.path" value="C:\Users\245098\Documents\Capstone Project\music_listing_backend-main\Admin_Service\target\test-classes;C:\Users\245098\Documents\Capstone Project\music_listing_backend-main\Admin_Service\target\classes;C:\Users\245098\.m2\repository\org\springframework\boot\spring-boot-starter-data-jpa\2.7.12\spring-boot-starter-data-jpa-2.7.12.jar;C:\Users\245098\.m2\repository\org\springframework\boot\spring-boot-starter-aop\2.7.12\spring-boot-starter-aop-2.7.12.jar;C:\Users\245098\.m2\repository\org\springframework\spring-aop\5.3.27\spring-aop-5.3.27.jar;C:\Users\245098\.m2\repository\org\aspectj\aspectjweaver\1.9.7\aspectjweaver-1.9.7.jar;C:\Users\245098\.m2\repository\org\springframework\boot\spring-boot-starter-jdbc\2.7.12\spring-boot-starter-jdbc-2.7.12.jar;C:\Users\245098\.m2\repository\com\zaxxer\HikariCP\4.0.3\HikariCP-4.0.3.jar;C:\Users\245098\.m2\repository\org\springframework\spring-jdbc\5.3.27\spring-jdbc-5.3.27.jar;C:\Users\245098\.m2\repository\jakarta\transaction\jakarta.transaction-api\1.3.3\jakarta.transaction-api-1.3.3.jar;C:\Users\245098\.m2\repository\jakarta\persistence\jakarta.persistence-api\2.2.3\jakarta.persistence-api-2.2.3.jar;C:\Users\245098\.m2\repository\org\hibernate\hibernate-core\5.6.15.Final\hibernate-core-5.6.15.Final.jar;C:\Users\245098\.m2\repository\org\jboss\logging\jboss-logging\3.4.3.Final\jboss-logging-3.4.3.Final.jar;C:\Users\245098\.m2\repository\net\bytebuddy\byte-buddy\1.12.23\byte-buddy-1.12.23.jar;C:\Users\245098\.m2\repository\antlr\antlr\2.7.7\antlr-2.7.7.jar;C:\Users\245098\.m2\repository\org\jboss\jandex\2.4.2.Final\jandex-2.4.2.Final.jar;C:\Users\245098\.m2\repository\com\fasterxml\classmate\1.5.1\classmate-1.5.1.jar;C:\Users\245098\.m2\repository\org\hibernate\common\hibernate-commons-annotations\5.1.2.Final\hibernate-commons-annotations-5.1.2.Final.jar;C:\Users\245098\.m2\repository\org\glassfish\jaxb\jaxb-runtime\2.3.8\jaxb-runtime-2.3.8.jar;C:\Users\245098\.m2\repository\org\glassfish\jaxb\txw2\2.3.8\txw2-2.3.8.jar;C:\Users\245098\.m2\repository\com\sun\istack\istack-commons-runtime\3.0.12\istack-commons-runtime-3.0.12.jar;C:\Users\245098\.m2\repository\com\sun\activation\jakarta.activation\1.2.2\jakarta.activation-1.2.2.jar;C:\Users\245098\.m2\repository\org\springframework\data\spring-data-jpa\2.7.12\spring-data-jpa-2.7.12.jar;C:\Users\245098\.m2\repository\org\springframework\data\spring-data-commons\2.7.12\spring-data-commons-2.7.12.jar;C:\Users\245098\.m2\repository\org\springframework\spring-orm\5.3.27\spring-orm-5.3.27.jar;C:\Users\245098\.m2\repository\org\springframework\spring-context\5.3.27\spring-context-5.3.27.jar;C:\Users\245098\.m2\repository\org\springframework\spring-tx\5.3.27\spring-tx-5.3.27.jar;C:\Users\245098\.m2\repository\org\springframework\spring-beans\5.3.27\spring-beans-5.3.27.jar;C:\Users\245098\.m2\repository\org\slf4j\slf4j-api\1.7.36\slf4j-api-1.7.36.jar;C:\Users\245098\.m2\repository\org\springframework\spring-aspects\5.3.27\spring-aspects-5.3.27.jar;C:\Users\245098\.m2\repository\org\springframework\boot\spring-boot-starter-web\2.7.12\spring-boot-starter-web-2.7.12.jar;C:\Users\245098\.m2\repository\org\springframework\boot\spring-boot-starter\2.7.12\spring-boot-starter-2.7.12.jar;C:\Users\245098\.m2\repository\org\springframework\boot\spring-boot-starter-logging\2.7.12\spring-boot-starter-logging-2.7.12.jar;C:\Users\245098\.m2\repository\ch\qos\logback\logback-classic\1.2.12\logback-classic-1.2.12.jar;C:\Users\245098\.m2\repository\ch\qos\logback\logback-core\1.2.12\logback-core-1.2.12.jar;C:\Users\245098\.m2\repository\org\apache\logging\log4j\log4j-to-slf4j\2.17.2\log4j-to-slf4j-2.17.2.jar;C:\Users\245098\.m2\repository\org\apache\logging\log4j\log4j-api\2.17.2\log4j-api-2.17.2.jar;C:\Users\245098\.m2\repository\org\slf4j\jul-to-slf4j\1.7.36\jul-to-slf4j-1.7.36.jar;C:\Users\245098\.m2\repository\jakarta\annotation\jakarta.annotation-api\1.3.5\jakarta.annotation-api-1.3.5.jar;C:\Users\245098\.m2\repository\org\yaml\snakeyaml\1.30\snakeyaml-1.30.jar;C:\Users\245098\.m2\repository\org\springframework\boot\spring-boot-starter-json\2.7.12\spring-boot-starter-json-2.7.12.jar;C:\Users\245098\.m2\repository\com\fasterxml\jackson\core\jackson-databind\2.13.5\jackson-databind-2.13.5.jar;C:\Users\245098\.m2\repository\com\fasterxml\jackson\datatype\jackson-datatype-jdk8\2.13.5\jackson-datatype-jdk8-2.13.5.jar;C:\Users\245098\.m2\repository\com\fasterxml\jackson\datatype\jackson-datatype-jsr310\2.13.5\jackson-datatype-jsr310-2.13.5.jar;C:\Users\245098\.m2\repository\com\fasterxml\jackson\module\jackson-module-parameter-names\2.13.5\jackson-module-parameter-names-2.13.5.jar;C:\Users\245098\.m2\repository\org\springframework\boot\spring-boot-starter-tomcat\2.7.12\spring-boot-starter-tomcat-2.7.12.jar;C:\Users\245098\.m2\repository\org\apache\tomcat\embed\tomcat-embed-core\9.0.75\tomcat-embed-core-9.0.75.jar;C:\Users\245098\.m2\repository\org\apache\tomcat\embed\tomcat-embed-websocket\9.0.75\tomcat-embed-websocket-9.0.75.jar;C:\Users\245098\.m2\repository\org\springframework\spring-web\5.3.27\spring-web-5.3.27.jar;C:\Users\245098\.m2\repository\org\springframework\spring-webmvc\5.3.27\spring-webmvc-5.3.27.jar;C:\Users\245098\.m2\repository\org\springframework\spring-expression\5.3.27\spring-expression-5.3.27.jar;C:\Users\245098\.m2\repository\org\springdoc\springdoc-openapi-ui\1.6.15\springdoc-openapi-ui-1.6.15.jar;C:\Users\245098\.m2\repository\org\springdoc\springdoc-openapi-webmvc-core\1.6.15\springdoc-openapi-webmvc-core-1.6.15.jar;C:\Users\245098\.m2\repository\org\springdoc\springdoc-openapi-common\1.6.15\springdoc-openapi-common-1.6.15.jar;C:\Users\245098\.m2\repository\io\swagger\core\v3\swagger-core\2.2.8\swagger-core-2.2.8.jar;C:\Users\245098\.m2\repository\org\apache\commons\commons-lang3\3.12.0\commons-lang3-3.12.0.jar;C:\Users\245098\.m2\repository\com\fasterxml\jackson\dataformat\jackson-dataformat-yaml\2.13.5\jackson-dataformat-yaml-2.13.5.jar;C:\Users\245098\.m2\repository\io\swagger\core\v3\swagger-annotations\2.2.8\swagger-annotations-2.2.8.jar;C:\Users\245098\.m2\repository\io\swagger\core\v3\swagger-models\2.2.8\swagger-models-2.2.8.jar;C:\Users\245098\.m2\repository\org\webjars\swagger-ui\4.17.1\swagger-ui-4.17.1.jar;C:\Users\245098\.m2\repository\org\webjars\webjars-locator-core\0.50\webjars-locator-core-0.50.jar;C:\Users\245098\.m2\repository\com\fasterxml\jackson\core\jackson-core\2.13.5\jackson-core-2.13.5.jar;C:\Users\245098\.m2\repository\io\github\classgraph\classgraph\4.8.149\classgraph-4.8.149.jar;C:\Users\245098\.m2\repository\org\springframework\boot\spring-boot-devtools\2.7.12\spring-boot-devtools-2.7.12.jar;C:\Users\245098\.m2\repository\org\springframework\boot\spring-boot\2.7.12\spring-boot-2.7.12.jar;C:\Users\245098\.m2\repository\org\springframework\boot\spring-boot-autoconfigure\2.7.12\spring-boot-autoconfigure-2.7.12.jar;C:\Users\245098\.m2\repository\com\mysql\mysql-connector-j\8.0.33\mysql-connector-j-8.0.33.jar;C:\Users\245098\.m2\repository\org\projectlombok\lombok\1.18.26\lombok-1.18.26.jar;C:\Users\245098\.m2\repository\software\amazon\awssdk\aws-sdk-java\2.16.0\aws-sdk-java-2.16.0.jar;C:\Users\245098\.m2\repository\software\amazon\awssdk\acm\2.16.0\acm-2.16.0.jar;C:\Users\245098\.m2\repository\software\amazon\awssdk\aws-json-protocol\2.16.0\aws-json-protocol-2.16.0.jar;C:\Users\245098\.m2\repository\software\amazon\awssdk\protocol-core\2.16.0\protocol-core-2.16.0.jar;C:\Users\245098\.m2\repository\software\amazon\awssdk\sdk-core\2.16.0\sdk-core-2.16.0.jar;C:\Users\245098\.m2\repository\org\reactivestreams\reactive-streams\1.0.4\reactive-streams-1.0.4.jar;C:\Users\245098\.m2\repository\software\amazon\awssdk\auth\2.16.0\auth-2.16.0.jar;C:\Users\245098\.m2\repository\software\amazon\eventstream\eventstream\1.0.1\eventstream-1.0.1.jar;C:\Users\245098\.m2\repository\software\amazon\awssdk\http-client-spi\2.16.0\http-client-spi-2.16.0.jar;C:\Users\245098\.m2\repository\software\amazon\awssdk\regions\2.16.0\regions-2.16.0.jar;C:\Users\245098\.m2\repository\software\amazon\awssdk\annotations\2.16.0\annotations-2.16.0.jar;C:\Users\245098\.m2\repository\software\amazon\awssdk\utils\2.16.0\utils-2.16.0.jar;C:\Users\245098\.m2\repository\software\amazon\awssdk\aws-core\2.16.0\aws-core-2.16.0.jar;C:\Users\245098\.m2\repository\software\amazon\awssdk\metrics-spi\2.16.0\metrics-spi-2.16.0.jar;C:\Users\245098\.m2\repository\software\amazon\awssdk\apache-client\2.16.0\apache-client-2.16.0.jar;C:\Users\245098\.m2\repository\org\apache\httpcomponents\httpcore\4.4.16\httpcore-4.4.16.jar;C:\Users\245098\.m2\repository\software\amazon\awssdk\netty-nio-client\2.16.0\netty-nio-client-2.16.0.jar;C:\Users\245098\.m2\repository\io\netty\netty-codec-http\4.1.92.Final\netty-codec-http-4.1.92.Final.jar;C:\Users\245098\.m2\repository\io\netty\netty-codec-http2\4.1.92.Final\netty-codec-http2-4.1.92.Final.jar;C:\Users\245098\.m2\repository\io\netty\netty-codec\4.1.92.Final\netty-codec-4.1.92.Final.jar;C:\Users\245098\.m2\repository\io\netty\netty-transport\4.1.92.Final\netty-transport-4.1.92.Final.jar;C:\Users\245098\.m2\repository\io\netty\netty-resolver\4.1.92.Final\netty-resolver-4.1.92.Final.jar;C:\Users\245098\.m2\repository\io\netty\netty-common\4.1.92.Final\netty-common-4.1.92.Final.jar;C:\Users\245098\.m2\repository\io\netty\netty-buffer\4.1.92.Final\netty-buffer-4.1.92.Final.jar;C:\Users\245098\.m2\repository\io\netty\netty-handler\4.1.92.Final\netty-handler-4.1.92.Final.jar;C:\Users\245098\.m2\repository\io\netty\netty-transport-native-unix-common\4.1.92.Final\netty-transport-native-unix-common-4.1.92.Final.jar;C:\Users\245098\.m2\repository\io\netty\netty-transport-native-epoll\4.1.92.Final\netty-transport-native-epoll-4.1.92.Final-linux-x86_64.jar;C:\Users\245098\.m2\repository\io\netty\netty-transport-classes-epoll\4.1.92.Final\netty-transport-classes-epoll-4.1.92.Final.jar;C:\Users\245098\.m2\repository\com\typesafe\netty\netty-reactive-streams-http\2.0.4\netty-reactive-streams-http-2.0.4.jar;C:\Users\245098\.m2\repository\com\typesafe\netty\netty-reactive-streams\2.0.4\netty-reactive-streams-2.0.4.jar;C:\Users\245098\.m2\repository\software\amazon\awssdk\acmpca\2.16.0\acmpca-2.16.0.jar;C:\Users\245098\.m2\repository\software\amazon\awssdk\alexaforbusiness\2.16.0\alexaforbusiness-2.16.0.jar;C:\Users\245098\.m2\repository\software\amazon\awssdk\amplify\2.16.0\amplify-2.16.0.jar;C:\Users\245098\.m2\repository\software\amazon\awssdk\apigateway\2.16.0\apigateway-2.16.0.jar;C:\Users\245098\.m2\repository\software\amazon\awssdk\apigatewaymanagementapi\2.16.0\apigatewaymanagementapi-2.16.0.jar;C:\Users\245098\.m2\repository\software\amazon\awssdk\apigatewayv2\2.16.0\apigatewayv2-2.16.0.jar;C:\Users\245098\.m2\repository\software\amazon\awssdk\applicationautoscaling\2.16.0\applicationautoscaling-2.16.0.jar;C:\Users\245098\.m2\repository\software\amazon\awssdk\applicationdiscovery\2.16.0\applicationdiscovery-2.16.0.jar;C:\Users\245098\.m2\repository\software\amazon\awssdk\appmesh\2.16.0\appmesh-2.16.0.jar;C:\Users\245098\.m2\repository\software\amazon\awssdk\appstream\2.16.0\appstream-2.16.0.jar;C:\Users\245098\.m2\repository\software\amazon\awssdk\appsync\2.16.0\appsync-2.16.0.jar;C:\Users\245098\.m2\repository\software\amazon\awssdk\athena\2.16.0\athena-2.16.0.jar;C:\Users\245098\.m2\repository\software\amazon\awssdk\autoscaling\2.16.0\autoscaling-2.16.0.jar;C:\Users\245098\.m2\repository\software\amazon\awssdk\aws-query-protocol\2.16.0\aws-query-protocol-2.16.0.jar;C:\Users\245098\.m2\repository\software\amazon\awssdk\autoscalingplans\2.16.0\autoscalingplans-2.16.0.jar;C:\Users\245098\.m2\repository\software\amazon\awssdk\backup\2.16.0\backup-2.16.0.jar;C:\Users\245098\.m2\repository\software\amazon\awssdk\batch\2.16.0\batch-2.16.0.jar;C:\Users\245098\.m2\repository\software\amazon\awssdk\budgets\2.16.0\budgets-2.16.0.jar;C:\Users\245098\.m2\repository\software\amazon\awssdk\chime\2.16.0\chime-2.16.0.jar;C:\Users\245098\.m2\repository\software\amazon\awssdk\cloud9\2.16.0\cloud9-2.16.0.jar;C:\Users\245098\.m2\repository\software\amazon\awssdk\clouddirectory\2.16.0\clouddirectory-2.16.0.jar;C:\Users\245098\.m2\repository\software\amazon\awssdk\cloudformation\2.16.0\cloudformation-2.16.0.jar;C:\Users\245098\.m2\repository\software\amazon\awssdk\cloudfront\2.16.0\cloudfront-2.16.0.jar;C:\Users\245098\.m2\repository\software\amazon\awssdk\aws-xml-protocol\2.16.0\aws-xml-protocol-2.16.0.jar;C:\Users\245098\.m2\repository\software\amazon\awssdk\cloudhsm\2.16.0\cloudhsm-2.16.0.jar;C:\Users\245098\.m2\repository\software\amazon\awssdk\cloudhsmv2\2.16.0\cloudhsmv2-2.16.0.jar;C:\Users\245098\.m2\repository\software\amazon\awssdk\cloudsearch\2.16.0\cloudsearch-2.16.0.jar;C:\Users\245098\.m2\repository\software\amazon\awssdk\cloudsearchdomain\2.16.0\cloudsearchdomain-2.16.0.jar;C:\Users\245098\.m2\repository\software\amazon\awssdk\cloudtrail\2.16.0\cloudtrail-2.16.0.jar;C:\Users\245098\.m2\repository\software\amazon\awssdk\cloudwatch\2.16.0\cloudwatch-2.16.0.jar;C:\Users\245098\.m2\repository\software\amazon\awssdk\cloudwatchevents\2.16.0\cloudwatchevents-2.16.0.jar;C:\Users\245098\.m2\repository\software\amazon\awssdk\cloudwatchlogs\2.16.0\cloudwatchlogs-2.16.0.jar;C:\Users\245098\.m2\repository\software\amazon\awssdk\codebuild\2.16.0\codebuild-2.16.0.jar;C:\Users\245098\.m2\repository\software\amazon\awssdk\codecommit\2.16.0\codecommit-2.16.0.jar;C:\Users\245098\.m2\repository\software\amazon\awssdk\codedeploy\2.16.0\codedeploy-2.16.0.jar;C:\Users\245098\.m2\repository\software\amazon\awssdk\codepipeline\2.16.0\codepipeline-2.16.0.jar;C:\Users\245098\.m2\repository\software\amazon\awssdk\codestar\2.16.0\codestar-2.16.0.jar;C:\Users\245098\.m2\repository\software\amazon\awssdk\cognitoidentity\2.16.0\cognitoidentity-2.16.0.jar;C:\Users\245098\.m2\repository\software\amazon\awssdk\cognitoidentityprovider\2.16.0\cognitoidentityprovider-2.16.0.jar;C:\Users\245098\.m2\repository\software\amazon\awssdk\cognitosync\2.16.0\cognitosync-2.16.0.jar;C:\Users\245098\.m2\repository\software\amazon\awssdk\comprehend\2.16.0\comprehend-2.16.0.jar;C:\Users\245098\.m2\repository\software\amazon\awssdk\comprehendmedical\2.16.0\comprehendmedical-2.16.0.jar;C:\Users\245098\.m2\repository\software\amazon\awssdk\config\2.16.0\config-2.16.0.jar;C:\Users\245098\.m2\repository\software\amazon\awssdk\connect\2.16.0\connect-2.16.0.jar;C:\Users\245098\.m2\repository\software\amazon\awssdk\costandusagereport\2.16.0\costandusagereport-2.16.0.jar;C:\Users\245098\.m2\repository\software\amazon\awssdk\costexplorer\2.16.0\costexplorer-2.16.0.jar;C:\Users\245098\.m2\repository\software\amazon\awssdk\databasemigration\2.16.0\databasemigration-2.16.0.jar;C:\Users\245098\.m2\repository\software\amazon\awssdk\datapipeline\2.16.0\datapipeline-2.16.0.jar;C:\Users\245098\.m2\repository\software\amazon\awssdk\datasync\2.16.0\datasync-2.16.0.jar;C:\Users\245098\.m2\repository\software\amazon\awssdk\dax\2.16.0\dax-2.16.0.jar;C:\Users\245098\.m2\repository\software\amazon\awssdk\devicefarm\2.16.0\devicefarm-2.16.0.jar;C:\Users\245098\.m2\repository\software\amazon\awssdk\directconnect\2.16.0\directconnect-2.16.0.jar;C:\Users\245098\.m2\repository\software\amazon\awssdk\directory\2.16.0\directory-2.16.0.jar;C:\Users\245098\.m2\repository\software\amazon\awssdk\dlm\2.16.0\dlm-2.16.0.jar;C:\Users\245098\.m2\repository\software\amazon\awssdk\docdb\2.16.0\docdb-2.16.0.jar;C:\Users\245098\.m2\repository\software\amazon\awssdk\dynamodb\2.16.0\dynamodb-2.16.0.jar;C:\Users\245098\.m2\repository\software\amazon\awssdk\profiles\2.16.0\profiles-2.16.0.jar;C:\Users\245098\.m2\repository\software\amazon\awssdk\ec2\2.16.0\ec2-2.16.0.jar;C:\Users\245098\.m2\repository\software\amazon\awssdk\ecr\2.16.0\ecr-2.16.0.jar;C:\Users\245098\.m2\repository\software\amazon\awssdk\ecs\2.16.0\ecs-2.16.0.jar;C:\Users\245098\.m2\repository\software\amazon\awssdk\efs\2.16.0\efs-2.16.0.jar;C:\Users\245098\.m2\repository\software\amazon\awssdk\eks\2.16.0\eks-2.16.0.jar;C:\Users\245098\.m2\repository\software\amazon\awssdk\elasticache\2.16.0\elasticache-2.16.0.jar;C:\Users\245098\.m2\repository\software\amazon\awssdk\elasticbeanstalk\2.16.0\elasticbeanstalk-2.16.0.jar;C:\Users\245098\.m2\repository\software\amazon\awssdk\elasticloadbalancing\2.16.0\elasticloadbalancing-2.16.0.jar;C:\Users\245098\.m2\repository\software\amazon\awssdk\elasticloadbalancingv2\2.16.0\elasticloadbalancingv2-2.16.0.jar;C:\Users\245098\.m2\repository\software\amazon\awssdk\elasticsearch\2.16.0\elasticsearch-2.16.0.jar;C:\Users\245098\.m2\repository\software\amazon\awssdk\elastictranscoder\2.16.0\elastictranscoder-2.16.0.jar;C:\Users\245098\.m2\repository\software\amazon\awssdk\emr\2.16.0\emr-2.16.0.jar;C:\Users\245098\.m2\repository\software\amazon\awssdk\firehose\2.16.0\firehose-2.16.0.jar;C:\Users\245098\.m2\repository\software\amazon\awssdk\fms\2.16.0\fms-2.16.0.jar;C:\Users\245098\.m2\repository\software\amazon\awssdk\fsx\2.16.0\fsx-2.16.0.jar;C:\Users\245098\.m2\repository\software\amazon\awssdk\gamelift\2.16.0\gamelift-2.16.0.jar;C:\Users\245098\.m2\repository\software\amazon\awssdk\glacier\2.16.0\glacier-2.16.0.jar;C:\Users\245098\.m2\repository\software\amazon\awssdk\globalaccelerator\2.16.0\globalaccelerator-2.16.0.jar;C:\Users\245098\.m2\repository\software\amazon\awssdk\glue\2.16.0\glue-2.16.0.jar;C:\Users\245098\.m2\repository\software\amazon\awssdk\greengrass\2.16.0\greengrass-2.16.0.jar;C:\Users\245098\.m2\repository\software\amazon\awssdk\guardduty\2.16.0\guardduty-2.16.0.jar;C:\Users\245098\.m2\repository\software\amazon\awssdk\health\2.16.0\health-2.16.0.jar;C:\Users\245098\.m2\repository\software\amazon\awssdk\iam\2.16.0\iam-2.16.0.jar;C:\Users\245098\.m2\repository\software\amazon\awssdk\inspector\2.16.0\inspector-2.16.0.jar;C:\Users\245098\.m2\repository\software\amazon\awssdk\iot\2.16.0\iot-2.16.0.jar;C:\Users\245098\.m2\repository\software\amazon\awssdk\iot1clickdevices\2.16.0\iot1clickdevices-2.16.0.jar;C:\Users\245098\.m2\repository\software\amazon\awssdk\iot1clickprojects\2.16.0\iot1clickprojects-2.16.0.jar;C:\Users\245098\.m2\repository\software\amazon\awssdk\iotanalytics\2.16.0\iotanalytics-2.16.0.jar;C:\Users\245098\.m2\repository\software\amazon\awssdk\iotdataplane\2.16.0\iotdataplane-2.16.0.jar;C:\Users\245098\.m2\repository\software\amazon\awssdk\iotjobsdataplane\2.16.0\iotjobsdataplane-2.16.0.jar;C:\Users\245098\.m2\repository\software\amazon\awssdk\kafka\2.16.0\kafka-2.16.0.jar;C:\Users\245098\.m2\repository\software\amazon\awssdk\kinesis\2.16.0\kinesis-2.16.0.jar;C:\Users\245098\.m2\repository\software\amazon\awssdk\aws-cbor-protocol\2.16.0\aws-cbor-protocol-2.16.0.jar;C:\Users\245098\.m2\repository\com\fasterxml\jackson\dataformat\jackson-dataformat-cbor\2.13.5\jackson-dataformat-cbor-2.13.5.jar;C:\Users\245098\.m2\repository\software\amazon\awssdk\kinesisanalytics\2.16.0\kinesisanalytics-2.16.0.jar;C:\Users\245098\.m2\repository\software\amazon\awssdk\kinesisanalyticsv2\2.16.0\kinesisanalyticsv2-2.16.0.jar;C:\Users\245098\.m2\repository\software\amazon\awssdk\kinesisvideo\2.16.0\kinesisvideo-2.16.0.jar;C:\Users\245098\.m2\repository\software\amazon\awssdk\kinesisvideoarchivedmedia\2.16.0\kinesisvideoarchivedmedia-2.16.0.jar;C:\Users\245098\.m2\repository\software\amazon\awssdk\kinesisvideomedia\2.16.0\kinesisvideomedia-2.16.0.jar;C:\Users\245098\.m2\repository\software\amazon\awssdk\kms\2.16.0\kms-2.16.0.jar;C:\Users\245098\.m2\repository\software\amazon\awssdk\lambda\2.16.0\lambda-2.16.0.jar;C:\Users\245098\.m2\repository\software\amazon\awssdk\lexmodelbuilding\2.16.0\lexmodelbuilding-2.16.0.jar;C:\Users\245098\.m2\repository\software\amazon\awssdk\lexruntime\2.16.0\lexruntime-2.16.0.jar;C:\Users\245098\.m2\repository\software\amazon\awssdk\licensemanager\2.16.0\licensemanager-2.16.0.jar;C:\Users\245098\.m2\repository\software\amazon\awssdk\lightsail\2.16.0\lightsail-2.16.0.jar;C:\Users\245098\.m2\repository\software\amazon\awssdk\machinelearning\2.16.0\machinelearning-2.16.0.jar;C:\Users\245098\.m2\repository\software\amazon\awssdk\macie\2.16.0\macie-2.16.0.jar;C:\Users\245098\.m2\repository\software\amazon\awssdk\managedblockchain\2.16.0\managedblockchain-2.16.0.jar;C:\Users\245098\.m2\repository\software\amazon\awssdk\marketplacecommerceanalytics\2.16.0\marketplacecommerceanalytics-2.16.0.jar;C:\Users\245098\.m2\repository\software\amazon\awssdk\marketplaceentitlement\2.16.0\marketplaceentitlement-2.16.0.jar;C:\Users\245098\.m2\repository\software\amazon\awssdk\marketplacemetering\2.16.0\marketplacemetering-2.16.0.jar;C:\Users\245098\.m2\repository\software\amazon\awssdk\mediaconnect\2.16.0\mediaconnect-2.16.0.jar;C:\Users\245098\.m2\repository\software\amazon\awssdk\mediaconvert\2.16.0\mediaconvert-2.16.0.jar;C:\Users\245098\.m2\repository\software\amazon\awssdk\medialive\2.16.0\medialive-2.16.0.jar;C:\Users\245098\.m2\repository\software\amazon\awssdk\mediapackage\2.16.0\mediapackage-2.16.0.jar;C:\Users\245098\.m2\repository\software\amazon\awssdk\mediapackagevod\2.16.0\mediapackagevod-2.16.0.jar;C:\Users\245098\.m2\repository\software\amazon\awssdk\mediastore\2.16.0\mediastore-2.16.0.jar;C:\Users\245098\.m2\repository\software\amazon\awssdk\mediastoredata\2.16.0\mediastoredata-2.16.0.jar;C:\Users\245098\.m2\repository\software\amazon\awssdk\mediatailor\2.16.0\mediatailor-2.16.0.jar;C:\Users\245098\.m2\repository\software\amazon\awssdk\migrationhub\2.16.0\migrationhub-2.16.0.jar;C:\Users\245098\.m2\repository\software\amazon\awssdk\mobile\2.16.0\mobile-2.16.0.jar;C:\Users\245098\.m2\repository\software\amazon\awssdk\mq\2.16.0\mq-2.16.0.jar;C:\Users\245098\.m2\repository\software\amazon\awssdk\mturk\2.16.0\mturk-2.16.0.jar;C:\Users\245098\.m2\repository\software\amazon\awssdk\neptune\2.16.0\neptune-2.16.0.jar;C:\Users\245098\.m2\repository\software\amazon\awssdk\opsworks\2.16.0\opsworks-2.16.0.jar;C:\Users\245098\.m2\repository\software\amazon\awssdk\opsworkscm\2.16.0\opsworkscm-2.16.0.jar;C:\Users\245098\.m2\repository\software\amazon\awssdk\organizations\2.16.0\organizations-2.16.0.jar;C:\Users\245098\.m2\repository\software\amazon\awssdk\pi\2.16.0\pi-2.16.0.jar;C:\Users\245098\.m2\repository\software\amazon\awssdk\pinpoint\2.16.0\pinpoint-2.16.0.jar;C:\Users\245098\.m2\repository\software\amazon\awssdk\pinpointemail\2.16.0\pinpointemail-2.16.0.jar;C:\Users\245098\.m2\repository\software\amazon\awssdk\pinpointsmsvoice\2.16.0\pinpointsmsvoice-2.16.0.jar;C:\Users\245098\.m2\repository\software\amazon\awssdk\polly\2.16.0\polly-2.16.0.jar;C:\Users\245098\.m2\repository\software\amazon\awssdk\pricing\2.16.0\pricing-2.16.0.jar;C:\Users\245098\.m2\repository\software\amazon\awssdk\quicksight\2.16.0\quicksight-2.16.0.jar;C:\Users\245098\.m2\repository\software\amazon\awssdk\ram\2.16.0\ram-2.16.0.jar;C:\Users\245098\.m2\repository\software\amazon\awssdk\rds\2.16.0\rds-2.16.0.jar;C:\Users\245098\.m2\repository\software\amazon\awssdk\rdsdata\2.16.0\rdsdata-2.16.0.jar;C:\Users\245098\.m2\repository\software\amazon\awssdk\redshift\2.16.0\redshift-2.16.0.jar;C:\Users\245098\.m2\repository\software\amazon\awssdk\rekognition\2.16.0\rekognition-2.16.0.jar;C:\Users\245098\.m2\repository\software\amazon\awssdk\resourcegroups\2.16.0\resourcegroups-2.16.0.jar;C:\Users\245098\.m2\repository\software\amazon\awssdk\resourcegroupstaggingapi\2.16.0\resourcegroupstaggingapi-2.16.0.jar;C:\Users\245098\.m2\repository\software\amazon\awssdk\robomaker\2.16.0\robomaker-2.16.0.jar;C:\Users\245098\.m2\repository\software\amazon\awssdk\route53\2.16.0\route53-2.16.0.jar;C:\Users\245098\.m2\repository\software\amazon\awssdk\route53domains\2.16.0\route53domains-2.16.0.jar;C:\Users\245098\.m2\repository\software\amazon\awssdk\route53resolver\2.16.0\route53resolver-2.16.0.jar;C:\Users\245098\.m2\repository\software\amazon\awssdk\s3\2.16.0\s3-2.16.0.jar;C:\Users\245098\.m2\repository\software\amazon\awssdk\arns\2.16.0\arns-2.16.0.jar;C:\Users\245098\.m2\repository\software\amazon\awssdk\s3control\2.16.0\s3control-2.16.0.jar;C:\Users\245098\.m2\repository\software\amazon\awssdk\sagemaker\2.16.0\sagemaker-2.16.0.jar;C:\Users\245098\.m2\repository\software\amazon\awssdk\sagemakerruntime\2.16.0\sagemakerruntime-2.16.0.jar;C:\Users\245098\.m2\repository\software\amazon\awssdk\secretsmanager\2.16.0\secretsmanager-2.16.0.jar;C:\Users\245098\.m2\repository\software\amazon\awssdk\securityhub\2.16.0\securityhub-2.16.0.jar;C:\Users\245098\.m2\repository\software\amazon\awssdk\serverlessapplicationrepository\2.16.0\serverlessapplicationrepository-2.16.0.jar;C:\Users\245098\.m2\repository\software\amazon\awssdk\servicecatalog\2.16.0\servicecatalog-2.16.0.jar;C:\Users\245098\.m2\repository\software\amazon\awssdk\servicediscovery\2.16.0\servicediscovery-2.16.0.jar;C:\Users\245098\.m2\repository\software\amazon\awssdk\ses\2.16.0\ses-2.16.0.jar;C:\Users\245098\.m2\repository\software\amazon\awssdk\sfn\2.16.0\sfn-2.16.0.jar;C:\Users\245098\.m2\repository\software\amazon\awssdk\shield\2.16.0\shield-2.16.0.jar;C:\Users\245098\.m2\repository\software\amazon\awssdk\signer\2.16.0\signer-2.16.0.jar;C:\Users\245098\.m2\repository\software\amazon\awssdk\sms\2.16.0\sms-2.16.0.jar;C:\Users\245098\.m2\repository\software\amazon\awssdk\snowball\2.16.0\snowball-2.16.0.jar;C:\Users\245098\.m2\repository\software\amazon\awssdk\sns\2.16.0\sns-2.16.0.jar;C:\Users\245098\.m2\repository\software\amazon\awssdk\sqs\2.16.0\sqs-2.16.0.jar;C:\Users\245098\.m2\repository\software\amazon\awssdk\ssm\2.16.0\ssm-2.16.0.jar;C:\Users\245098\.m2\repository\software\amazon\awssdk\storagegateway\2.16.0\storagegateway-2.16.0.jar;C:\Users\245098\.m2\repository\software\amazon\awssdk\sts\2.16.0\sts-2.16.0.jar;C:\Users\245098\.m2\repository\software\amazon\awssdk\support\2.16.0\support-2.16.0.jar;C:\Users\245098\.m2\repository\software\amazon\awssdk\swf\2.16.0\swf-2.16.0.jar;C:\Users\245098\.m2\repository\software\amazon\awssdk\textract\2.16.0\textract-2.16.0.jar;C:\Users\245098\.m2\repository\software\amazon\awssdk\transcribe\2.16.0\transcribe-2.16.0.jar;C:\Users\245098\.m2\repository\software\amazon\awssdk\transcribestreaming\2.16.0\transcribestreaming-2.16.0.jar;C:\Users\245098\.m2\repository\software\amazon\awssdk\transfer\2.16.0\transfer-2.16.0.jar;C:\Users\245098\.m2\repository\software\amazon\awssdk\translate\2.16.0\translate-2.16.0.jar;C:\Users\245098\.m2\repository\software\amazon\awssdk\waf\2.16.0\waf-2.16.0.jar;C:\Users\245098\.m2\repository\software\amazon\awssdk\workdocs\2.16.0\workdocs-2.16.0.jar;C:\Users\245098\.m2\repository\software\amazon\awssdk\worklink\2.16.0\worklink-2.16.0.jar;C:\Users\245098\.m2\repository\software\amazon\awssdk\workmail\2.16.0\workmail-2.16.0.jar;C:\Users\245098\.m2\repository\software\amazon\awssdk\workspaces\2.16.0\workspaces-2.16.0.jar;C:\Users\245098\.m2\repository\software\amazon\awssdk\xray\2.16.0\xray-2.16.0.jar;C:\Users\245098\.m2\repository\software\amazon\awssdk\groundstation\2.16.0\groundstation-2.16.0.jar;C:\Users\245098\.m2\repository\software\amazon\awssdk\iotthingsgraph\2.16.0\iotthingsgraph-2.16.0.jar;C:\Users\245098\.m2\repository\software\amazon\awssdk\iotevents\2.16.0\iotevents-2.16.0.jar;C:\Users\245098\.m2\repository\software\amazon\awssdk\ioteventsdata\2.16.0\ioteventsdata-2.16.0.jar;C:\Users\245098\.m2\repository\software\amazon\awssdk\personalizeruntime\2.16.0\personalizeruntime-2.16.0.jar;C:\Users\245098\.m2\repository\software\amazon\awssdk\personalize\2.16.0\personalize-2.16.0.jar;C:\Users\245098\.m2\repository\software\amazon\awssdk\personalizeevents\2.16.0\personalizeevents-2.16.0.jar;C:\Users\245098\.m2\repository\software\amazon\awssdk\servicequotas\2.16.0\servicequotas-2.16.0.jar;C:\Users\245098\.m2\repository\software\amazon\awssdk\applicationinsights\2.16.0\applicationinsights-2.16.0.jar;C:\Users\245098\.m2\repository\software\amazon\awssdk\ec2instanceconnect\2.16.0\ec2instanceconnect-2.16.0.jar;C:\Users\245098\.m2\repository\software\amazon\awssdk\eventbridge\2.16.0\eventbridge-2.16.0.jar;C:\Users\245098\.m2\repository\software\amazon\awssdk\lakeformation\2.16.0\lakeformation-2.16.0.jar;C:\Users\245098\.m2\repository\software\amazon\awssdk\forecast\2.16.0\forecast-2.16.0.jar;C:\Users\245098\.m2\repository\software\amazon\awssdk\forecastquery\2.16.0\forecastquery-2.16.0.jar;C:\Users\245098\.m2\repository\software\amazon\awssdk\qldb\2.16.0\qldb-2.16.0.jar;C:\Users\245098\.m2\repository\software\amazon\awssdk\qldbsession\2.16.0\qldbsession-2.16.0.jar;C:\Users\245098\.m2\repository\software\amazon\awssdk\workmailmessageflow\2.16.0\workmailmessageflow-2.16.0.jar;C:\Users\245098\.m2\repository\software\amazon\awssdk\codestarnotifications\2.16.0\codestarnotifications-2.16.0.jar;C:\Users\245098\.m2\repository\software\amazon\awssdk\savingsplans\2.16.0\savingsplans-2.16.0.jar;C:\Users\245098\.m2\repository\software\amazon\awssdk\sso\2.16.0\sso-2.16.0.jar;C:\Users\245098\.m2\repository\software\amazon\awssdk\ssooidc\2.16.0\ssooidc-2.16.0.jar;C:\Users\245098\.m2\repository\software\amazon\awssdk\marketplacecatalog\2.16.0\marketplacecatalog-2.16.0.jar;C:\Users\245098\.m2\repository\software\amazon\awssdk\sesv2\2.16.0\sesv2-2.16.0.jar;C:\Users\245098\.m2\repository\software\amazon\awssdk\dataexchange\2.16.0\dataexchange-2.16.0.jar;C:\Users\245098\.m2\repository\software\amazon\awssdk\migrationhubconfig\2.16.0\migrationhubconfig-2.16.0.jar;C:\Users\245098\.m2\repository\software\amazon\awssdk\connectparticipant\2.16.0\connectparticipant-2.16.0.jar;C:\Users\245098\.m2\repository\software\amazon\awssdk\wafv2\2.16.0\wafv2-2.16.0.jar;C:\Users\245098\.m2\repository\software\amazon\awssdk\appconfig\2.16.0\appconfig-2.16.0.jar;C:\Users\245098\.m2\repository\software\amazon\awssdk\iotsecuretunneling\2.16.0\iotsecuretunneling-2.16.0.jar;C:\Users\245098\.m2\repository\software\amazon\awssdk\elasticinference\2.16.0\elasticinference-2.16.0.jar;C:\Users\245098\.m2\repository\software\amazon\awssdk\imagebuilder\2.16.0\imagebuilder-2.16.0.jar;C:\Users\245098\.m2\repository\software\amazon\awssdk\schemas\2.16.0\schemas-2.16.0.jar;C:\Users\245098\.m2\repository\software\amazon\awssdk\accessanalyzer\2.16.0\accessanalyzer-2.16.0.jar;C:\Users\245098\.m2\repository\software\amazon\awssdk\computeoptimizer\2.16.0\computeoptimizer-2.16.0.jar;C:\Users\245098\.m2\repository\software\amazon\awssdk\networkmanager\2.16.0\networkmanager-2.16.0.jar;C:\Users\245098\.m2\repository\software\amazon\awssdk\kendra\2.16.0\kendra-2.16.0.jar;C:\Users\245098\.m2\repository\software\amazon\awssdk\frauddetector\2.16.0\frauddetector-2.16.0.jar;C:\Users\245098\.m2\repository\software\amazon\awssdk\codegurureviewer\2.16.0\codegurureviewer-2.16.0.jar;C:\Users\245098\.m2\repository\software\amazon\awssdk\codeguruprofiler\2.16.0\codeguruprofiler-2.16.0.jar;C:\Users\245098\.m2\repository\software\amazon\awssdk\outposts\2.16.0\outposts-2.16.0.jar;C:\Users\245098\.m2\repository\software\amazon\awssdk\sagemakera2iruntime\2.16.0\sagemakera2iruntime-2.16.0.jar;C:\Users\245098\.m2\repository\software\amazon\awssdk\ebs\2.16.0\ebs-2.16.0.jar;C:\Users\245098\.m2\repository\software\amazon\awssdk\kinesisvideosignaling\2.16.0\kinesisvideosignaling-2.16.0.jar;C:\Users\245098\.m2\repository\software\amazon\awssdk\detective\2.16.0\detective-2.16.0.jar;C:\Users\245098\.m2\repository\software\amazon\awssdk\codestarconnections\2.16.0\codestarconnections-2.16.0.jar;C:\Users\245098\.m2\repository\software\amazon\awssdk\synthetics\2.16.0\synthetics-2.16.0.jar;C:\Users\245098\.m2\repository\software\amazon\awssdk\iotsitewise\2.16.0\iotsitewise-2.16.0.jar;C:\Users\245098\.m2\repository\software\amazon\awssdk\macie2\2.16.0\macie2-2.16.0.jar;C:\Users\245098\.m2\repository\software\amazon\awssdk\codeartifact\2.16.0\codeartifact-2.16.0.jar;C:\Users\245098\.m2\repository\software\amazon\awssdk\honeycode\2.16.0\honeycode-2.16.0.jar;C:\Users\245098\.m2\repository\software\amazon\awssdk\ivs\2.16.0\ivs-2.16.0.jar;C:\Users\245098\.m2\repository\software\amazon\awssdk\braket\2.16.0\braket-2.16.0.jar;C:\Users\245098\.m2\repository\software\amazon\awssdk\identitystore\2.16.0\identitystore-2.16.0.jar;C:\Users\245098\.m2\repository\software\amazon\awssdk\appflow\2.16.0\appflow-2.16.0.jar;C:\Users\245098\.m2\repository\software\amazon\awssdk\redshiftdata\2.16.0\redshiftdata-2.16.0.jar;C:\Users\245098\.m2\repository\software\amazon\awssdk\ssoadmin\2.16.0\ssoadmin-2.16.0.jar;C:\Users\245098\.m2\repository\software\amazon\awssdk\timestreamwrite\2.16.0\timestreamwrite-2.16.0.jar;C:\Users\245098\.m2\repository\software\amazon\awssdk\timestreamquery\2.16.0\timestreamquery-2.16.0.jar;C:\Users\245098\.m2\repository\software\amazon\awssdk\s3outposts\2.16.0\s3outposts-2.16.0.jar;C:\Users\245098\.m2\repository\software\amazon\awssdk\databrew\2.16.0\databrew-2.16.0.jar;C:\Users\245098\.m2\repository\software\amazon\awssdk\servicecatalogappregistry\2.16.0\servicecatalogappregistry-2.16.0.jar;C:\Users\245098\.m2\repository\software\amazon\awssdk\networkfirewall\2.16.0\networkfirewall-2.16.0.jar;C:\Users\245098\.m2\repository\software\amazon\awssdk\mwaa\2.16.0\mwaa-2.16.0.jar;C:\Users\245098\.m2\repository\software\amazon\awssdk\devopsguru\2.16.0\devopsguru-2.16.0.jar;C:\Users\245098\.m2\repository\software\amazon\awssdk\sagemakerfeaturestoreruntime\2.16.0\sagemakerfeaturestoreruntime-2.16.0.jar;C:\Users\245098\.m2\repository\software\amazon\awssdk\appintegrations\2.16.0\appintegrations-2.16.0.jar;C:\Users\245098\.m2\repository\software\amazon\awssdk\ecrpublic\2.16.0\ecrpublic-2.16.0.jar;C:\Users\245098\.m2\repository\software\amazon\awssdk\amplifybackend\2.16.0\amplifybackend-2.16.0.jar;C:\Users\245098\.m2\repository\software\amazon\awssdk\connectcontactlens\2.16.0\connectcontactlens-2.16.0.jar;C:\Users\245098\.m2\repository\software\amazon\awssdk\lookoutvision\2.16.0\lookoutvision-2.16.0.jar;C:\Users\245098\.m2\repository\software\amazon\awssdk\customerprofiles\2.16.0\customerprofiles-2.16.0.jar;C:\Users\245098\.m2\repository\software\amazon\awssdk\emrcontainers\2.16.0\emrcontainers-2.16.0.jar;C:\Users\245098\.m2\repository\software\amazon\awssdk\sagemakeredge\2.16.0\sagemakeredge-2.16.0.jar;C:\Users\245098\.m2\repository\software\amazon\awssdk\healthlake\2.16.0\healthlake-2.16.0.jar;C:\Users\245098\.m2\repository\software\amazon\awssdk\auditmanager\2.16.0\auditmanager-2.16.0.jar;C:\Users\245098\.m2\repository\software\amazon\awssdk\amp\2.16.0\amp-2.16.0.jar;C:\Users\245098\.m2\repository\software\amazon\awssdk\greengrassv2\2.16.0\greengrassv2-2.16.0.jar;C:\Users\245098\.m2\repository\software\amazon\awssdk\iotwireless\2.16.0\iotwireless-2.16.0.jar;C:\Users\245098\.m2\repository\software\amazon\awssdk\iotfleethub\2.16.0\iotfleethub-2.16.0.jar;C:\Users\245098\.m2\repository\software\amazon\awssdk\iotdeviceadvisor\2.16.0\iotdeviceadvisor-2.16.0.jar;C:\Users\245098\.m2\repository\software\amazon\awssdk\location\2.16.0\location-2.16.0.jar;C:\Users\245098\.m2\repository\software\amazon\awssdk\wellarchitected\2.16.0\wellarchitected-2.16.0.jar;C:\Users\245098\.m2\repository\software\amazon\awssdk\lexruntimev2\2.16.0\lexruntimev2-2.16.0.jar;C:\Users\245098\.m2\repository\software\amazon\awssdk\lexmodelsv2\2.16.0\lexmodelsv2-2.16.0.jar;C:\Users\245098\.m2\repository\org\springframework\boot\spring-boot-starter-test\2.7.12\spring-boot-starter-test-2.7.12.jar;C:\Users\245098\.m2\repository\org\springframework\boot\spring-boot-test\2.7.12\spring-boot-test-2.7.12.jar;C:\Users\245098\.m2\repository\org\springframework\boot\spring-boot-test-autoconfigure\2.7.12\spring-boot-test-autoconfigure-2.7.12.jar;C:\Users\245098\.m2\repository\com\jayway\jsonpath\json-path\2.7.0\json-path-2.7.0.jar;C:\Users\245098\.m2\repository\net\minidev\json-smart\2.4.11\json-smart-2.4.11.jar;C:\Users\245098\.m2\repository\net\minidev\accessors-smart\2.4.11\accessors-smart-2.4.11.jar;C:\Users\245098\.m2\repository\org\ow2\asm\asm\9.3\asm-9.3.jar;C:\Users\245098\.m2\repository\jakarta\xml\bind\jakarta.xml.bind-api\2.3.3\jakarta.xml.bind-api-2.3.3.jar;C:\Users\245098\.m2\repository\jakarta\activation\jakarta.activation-api\1.2.2\jakarta.activation-api-1.2.2.jar;C:\Users\245098\.m2\repository\org\assertj\assertj-core\3.22.0\assertj-core-3.22.0.jar;C:\Users\245098\.m2\repository\org\hamcrest\hamcrest\2.2\hamcrest-2.2.jar;C:\Users\245098\.m2\repository\org\junit\jupiter\junit-jupiter\5.8.2\junit-jupiter-5.8.2.jar;C:\Users\245098\.m2\repository\org\junit\jupiter\junit-jupiter-api\5.8.2\junit-jupiter-api-5.8.2.jar;C:\Users\245098\.m2\repository\org\opentest4j\opentest4j\1.2.0\opentest4j-1.2.0.jar;C:\Users\245098\.m2\repository\org\junit\platform\junit-platform-commons\1.8.2\junit-platform-commons-1.8.2.jar;C:\Users\245098\.m2\repository\org\apiguardian\apiguardian-api\1.1.2\apiguardian-api-1.1.2.jar;C:\Users\245098\.m2\repository\org\junit\jupiter\junit-jupiter-params\5.8.2\junit-jupiter-params-5.8.2.jar;C:\Users\245098\.m2\repository\org\junit\jupiter\junit-jupiter-engine\5.8.2\junit-jupiter-engine-5.8.2.jar;C:\Users\245098\.m2\repository\org\junit\platform\junit-platform-engine\1.8.2\junit-platform-engine-1.8.2.jar;C:\Users\245098\.m2\repository\org\mockito\mockito-core\4.5.1\mockito-core-4.5.1.jar;C:\Users\245098\.m2\repository\net\bytebuddy\byte-buddy-agent\1.12.23\byte-buddy-agent-1.12.23.jar;C:\Users\245098\.m2\repository\org\objenesis\objenesis\3.2\objenesis-3.2.jar;C:\Users\245098\.m2\repository\org\mockito\mockito-junit-jupiter\4.5.1\mockito-junit-jupiter-4.5.1.jar;C:\Users\245098\.m2\repository\org\skyscreamer\jsonassert\1.5.1\jsonassert-1.5.1.jar;C:\Users\245098\.m2\repository\com\vaadin\external\google\android-json\0.0.20131108.vaadin1\android-json-0.0.20131108.vaadin1.jar;C:\Users\245098\.m2\repository\org\springframework\spring-core\5.3.27\spring-core-5.3.27.jar;C:\Users\245098\.m2\repository\org\springframework\spring-jcl\5.3.27\spring-jcl-5.3.27.jar;C:\Users\245098\.m2\repository\org\springframework\spring-test\5.3.27\spring-test-5.3.27.jar;C:\Users\245098\.m2\repository\org\xmlunit\xmlunit-core\2.9.1\xmlunit-core-2.9.1.jar;C:\Users\245098\.m2\repository\org\springframework\boot\spring-boot-starter-validation\2.7.12\spring-boot-starter-validation-2.7.12.jar;C:\Users\245098\.m2\repository\org\apache\tomcat\embed\tomcat-embed-el\9.0.75\tomcat-embed-el-9.0.75.jar;C:\Users\245098\.m2\repository\org\hibernate\validator\hibernate-validator\6.2.5.Final\hibernate-validator-6.2.5.Final.jar;C:\Users\245098\.m2\repository\jakarta\validation\jakarta.validation-api\2.0.2\jakarta.validation-api-2.0.2.jar;C:\Users\245098\.m2\repository\org\springframework\cloud\spring-cloud-starter-netflix-eureka-client\3.1.6\spring-cloud-starter-netflix-eureka-client-3.1.6.jar;C:\Users\245098\.m2\repository\org\springframework\cloud\spring-cloud-starter\3.1.6\spring-cloud-starter-3.1.6.jar;C:\Users\245098\.m2\repository\org\springframework\cloud\spring-cloud-context\3.1.6\spring-cloud-context-3.1.6.jar;C:\Users\245098\.m2\repository\org\springframework\security\spring-security-crypto\5.7.8\spring-security-crypto-5.7.8.jar;C:\Users\245098\.m2\repository\org\springframework\cloud\spring-cloud-commons\3.1.6\spring-cloud-commons-3.1.6.jar;C:\Users\245098\.m2\repository\org\springframework\security\spring-security-rsa\1.0.11.RELEASE\spring-security-rsa-1.0.11.RELEASE.jar;C:\Users\245098\.m2\repository\org\bouncycastle\bcpkix-jdk15on\1.69\bcpkix-jdk15on-1.69.jar;C:\Users\245098\.m2\repository\org\bouncycastle\bcprov-jdk15on\1.69\bcprov-jdk15on-1.69.jar;C:\Users\245098\.m2\repository\org\bouncycastle\bcutil-jdk15on\1.69\bcutil-jdk15on-1.69.jar;C:\Users\245098\.m2\repository\org\springframework\cloud\spring-cloud-netflix-eureka-client\3.1.6\spring-cloud-netflix-eureka-client-3.1.6.jar;C:\Users\245098\.m2\repository\com\netflix\eureka\eureka-client\1.10.17\eureka-client-1.10.17.jar;C:\Users\245098\.m2\repository\com\netflix\netflix-commons\netflix-eventbus\0.3.0\netflix-eventbus-0.3.0.jar;C:\Users\245098\.m2\repository\com\netflix\netflix-commons\netflix-infix\0.3.0\netflix-infix-0.3.0.jar;C:\Users\245098\.m2\repository\commons-jxpath\commons-jxpath\1.3\commons-jxpath-1.3.jar;C:\Users\245098\.m2\repository\joda-time\joda-time\2.3\joda-time-2.3.jar;C:\Users\245098\.m2\repository\org\antlr\antlr-runtime\3.4\antlr-runtime-3.4.jar;C:\Users\245098\.m2\repository\org\antlr\stringtemplate\3.2.1\stringtemplate-3.2.1.jar;C:\Users\245098\.m2\repository\com\google\code\gson\gson\2.9.1\gson-2.9.1.jar;C:\Users\245098\.m2\repository\org\apache\commons\commons-math\2.2\commons-math-2.2.jar;C:\Users\245098\.m2\repository\com\thoughtworks\xstream\xstream\1.4.18\xstream-1.4.18.jar;C:\Users\245098\.m2\repository\io\github\x-stream\mxparser\1.2.2\mxparser-1.2.2.jar;C:\Users\245098\.m2\repository\xmlpull\xmlpull\1.1.3.1\xmlpull-1.1.3.1.jar;C:\Users\245098\.m2\repository\javax\ws\rs\jsr311-api\1.1.1\jsr311-api-1.1.1.jar;C:\Users\245098\.m2\repository\com\netflix\servo\servo-core\0.12.21\servo-core-0.12.21.jar;C:\Users\245098\.m2\repository\com\google\guava\guava\19.0\guava-19.0.jar;C:\Users\245098\.m2\repository\org\apache\httpcomponents\httpclient\4.5.14\httpclient-4.5.14.jar;C:\Users\245098\.m2\repository\commons-codec\commons-codec\1.15\commons-codec-1.15.jar;C:\Users\245098\.m2\repository\commons-configuration\commons-configuration\1.10\commons-configuration-1.10.jar;C:\Users\245098\.m2\repository\commons-lang\commons-lang\2.6\commons-lang-2.6.jar;C:\Users\245098\.m2\repository\com\google\inject\guice\4.1.0\guice-4.1.0.jar;C:\Users\245098\.m2\repository\javax\inject\javax.inject\1\javax.inject-1.jar;C:\Users\245098\.m2\repository\com\fasterxml\jackson\core\jackson-annotations\2.13.5\jackson-annotations-2.13.5.jar;C:\Users\245098\.m2\repository\org\codehaus\jettison\jettison\1.4.0\jettison-1.4.0.jar;C:\Users\245098\.m2\repository\com\netflix\eureka\eureka-core\1.10.17\eureka-core-1.10.17.jar;C:\Users\245098\.m2\repository\com\fasterxml\woodstox\woodstox-core\6.2.1\woodstox-core-6.2.1.jar;C:\Users\245098\.m2\repository\org\codehaus\woodstox\stax2-api\4.2.1\stax2-api-4.2.1.jar;C:\Users\245098\.m2\repository\org\springframework\cloud\spring-cloud-starter-loadbalancer\3.1.6\spring-cloud-starter-loadbalancer-3.1.6.jar;C:\Users\245098\.m2\repository\org\springframework\cloud\spring-cloud-loadbalancer\3.1.6\spring-cloud-loadbalancer-3.1.6.jar;C:\Users\245098\.m2\repository\io\projectreactor\reactor-core\3.4.29\reactor-core-3.4.29.jar;C:\Users\245098\.m2\repository\io\projectreactor\addons\reactor-extra\3.4.10\reactor-extra-3.4.10.jar;C:\Users\245098\.m2\repository\org\springframework\boot\spring-boot-starter-cache\2.7.12\spring-boot-starter-cache-2.7.12.jar;C:\Users\245098\.m2\repository\org\springframework\spring-context-support\5.3.27\spring-context-support-5.3.27.jar;C:\Users\245098\.m2\repository\com\stoyanr\evictor\1.0.0\evictor-1.0.0.jar;"/>
    <property name="java.vm.vendor" value="Oracle Corporation"/>
    <property name="sun.arch.data.model" value="64"/>
    <property name="user.variant" value=""/>
    <property name="java.vendor.url" value="https://java.oracle.com/"/>
    <property name="user.timezone" value="Asia/Calcutta"/>
    <property name="os.name" value="Windows 10"/>
    <property name="java.vm.specification.version" value="19"/>
    <property name="sun.java.launcher" value="SUN_STANDARD"/>
    <property name="user.country" value="IN"/>
    <property name="sun.boot.library.path" value="C:\Users\245098\Downloads\jdk-19_windows-x64_bin\jdk-19.0.2\bin"/>
    <property name="sun.java.command" value="C:\Users\245098\AppData\Local\Temp\surefire17065021958400782198\surefirebooter3699918532145154974.jar C:\Users\245098\AppData\Local\Temp\surefire17065021958400782198 2023-06-19T14-18-24_056-jvmRun1 surefire16510997580496846625tmp surefire_04399339542331317712tmp"/>
    <property name="jdk.debug" value="release"/>
    <property name="surefire.test.class.path" value="C:\Users\245098\Documents\Capstone Project\music_listing_backend-main\Admin_Service\target\test-classes;C:\Users\245098\Documents\Capstone Project\music_listing_backend-main\Admin_Service\target\classes;C:\Users\245098\.m2\repository\org\springframework\boot\spring-boot-starter-data-jpa\2.7.12\spring-boot-starter-data-jpa-2.7.12.jar;C:\Users\245098\.m2\repository\org\springframework\boot\spring-boot-starter-aop\2.7.12\spring-boot-starter-aop-2.7.12.jar;C:\Users\245098\.m2\repository\org\springframework\spring-aop\5.3.27\spring-aop-5.3.27.jar;C:\Users\245098\.m2\repository\org\aspectj\aspectjweaver\1.9.7\aspectjweaver-1.9.7.jar;C:\Users\245098\.m2\repository\org\springframework\boot\spring-boot-starter-jdbc\2.7.12\spring-boot-starter-jdbc-2.7.12.jar;C:\Users\245098\.m2\repository\com\zaxxer\HikariCP\4.0.3\HikariCP-4.0.3.jar;C:\Users\245098\.m2\repository\org\springframework\spring-jdbc\5.3.27\spring-jdbc-5.3.27.jar;C:\Users\245098\.m2\repository\jakarta\transaction\jakarta.transaction-api\1.3.3\jakarta.transaction-api-1.3.3.jar;C:\Users\245098\.m2\repository\jakarta\persistence\jakarta.persistence-api\2.2.3\jakarta.persistence-api-2.2.3.jar;C:\Users\245098\.m2\repository\org\hibernate\hibernate-core\5.6.15.Final\hibernate-core-5.6.15.Final.jar;C:\Users\245098\.m2\repository\org\jboss\logging\jboss-logging\3.4.3.Final\jboss-logging-3.4.3.Final.jar;C:\Users\245098\.m2\repository\net\bytebuddy\byte-buddy\1.12.23\byte-buddy-1.12.23.jar;C:\Users\245098\.m2\repository\antlr\antlr\2.7.7\antlr-2.7.7.jar;C:\Users\245098\.m2\repository\org\jboss\jandex\2.4.2.Final\jandex-2.4.2.Final.jar;C:\Users\245098\.m2\repository\com\fasterxml\classmate\1.5.1\classmate-1.5.1.jar;C:\Users\245098\.m2\repository\org\hibernate\common\hibernate-commons-annotations\5.1.2.Final\hibernate-commons-annotations-5.1.2.Final.jar;C:\Users\245098\.m2\repository\org\glassfish\jaxb\jaxb-runtime\2.3.8\jaxb-runtime-2.3.8.jar;C:\Users\245098\.m2\repository\org\glassfish\jaxb\txw2\2.3.8\txw2-2.3.8.jar;C:\Users\245098\.m2\repository\com\sun\istack\istack-commons-runtime\3.0.12\istack-commons-runtime-3.0.12.jar;C:\Users\245098\.m2\repository\com\sun\activation\jakarta.activation\1.2.2\jakarta.activation-1.2.2.jar;C:\Users\245098\.m2\repository\org\springframework\data\spring-data-jpa\2.7.12\spring-data-jpa-2.7.12.jar;C:\Users\245098\.m2\repository\org\springframework\data\spring-data-commons\2.7.12\spring-data-commons-2.7.12.jar;C:\Users\245098\.m2\repository\org\springframework\spring-orm\5.3.27\spring-orm-5.3.27.jar;C:\Users\245098\.m2\repository\org\springframework\spring-context\5.3.27\spring-context-5.3.27.jar;C:\Users\245098\.m2\repository\org\springframework\spring-tx\5.3.27\spring-tx-5.3.27.jar;C:\Users\245098\.m2\repository\org\springframework\spring-beans\5.3.27\spring-beans-5.3.27.jar;C:\Users\245098\.m2\repository\org\slf4j\slf4j-api\1.7.36\slf4j-api-1.7.36.jar;C:\Users\245098\.m2\repository\org\springframework\spring-aspects\5.3.27\spring-aspects-5.3.27.jar;C:\Users\245098\.m2\repository\org\springframework\boot\spring-boot-starter-web\2.7.12\spring-boot-starter-web-2.7.12.jar;C:\Users\245098\.m2\repository\org\springframework\boot\spring-boot-starter\2.7.12\spring-boot-starter-2.7.12.jar;C:\Users\245098\.m2\repository\org\springframework\boot\spring-boot-starter-logging\2.7.12\spring-boot-starter-logging-2.7.12.jar;C:\Users\245098\.m2\repository\ch\qos\logback\logback-classic\1.2.12\logback-classic-1.2.12.jar;C:\Users\245098\.m2\repository\ch\qos\logback\logback-core\1.2.12\logback-core-1.2.12.jar;C:\Users\245098\.m2\repository\org\apache\logging\log4j\log4j-to-slf4j\2.17.2\log4j-to-slf4j-2.17.2.jar;C:\Users\245098\.m2\repository\org\apache\logging\log4j\log4j-api\2.17.2\log4j-api-2.17.2.jar;C:\Users\245098\.m2\repository\org\slf4j\jul-to-slf4j\1.7.36\jul-to-slf4j-1.7.36.jar;C:\Users\245098\.m2\repository\jakarta\annotation\jakarta.annotation-api\1.3.5\jakarta.annotation-api-1.3.5.jar;C:\Users\245098\.m2\repository\org\yaml\snakeyaml\1.30\snakeyaml-1.30.jar;C:\Users\245098\.m2\repository\org\springframework\boot\spring-boot-starter-json\2.7.12\spring-boot-starter-json-2.7.12.jar;C:\Users\245098\.m2\repository\com\fasterxml\jackson\core\jackson-databind\2.13.5\jackson-databind-2.13.5.jar;C:\Users\245098\.m2\repository\com\fasterxml\jackson\datatype\jackson-datatype-jdk8\2.13.5\jackson-datatype-jdk8-2.13.5.jar;C:\Users\245098\.m2\repository\com\fasterxml\jackson\datatype\jackson-datatype-jsr310\2.13.5\jackson-datatype-jsr310-2.13.5.jar;C:\Users\245098\.m2\repository\com\fasterxml\jackson\module\jackson-module-parameter-names\2.13.5\jackson-module-parameter-names-2.13.5.jar;C:\Users\245098\.m2\repository\org\springframework\boot\spring-boot-starter-tomcat\2.7.12\spring-boot-starter-tomcat-2.7.12.jar;C:\Users\245098\.m2\repository\org\apache\tomcat\embed\tomcat-embed-core\9.0.75\tomcat-embed-core-9.0.75.jar;C:\Users\245098\.m2\repository\org\apache\tomcat\embed\tomcat-embed-websocket\9.0.75\tomcat-embed-websocket-9.0.75.jar;C:\Users\245098\.m2\repository\org\springframework\spring-web\5.3.27\spring-web-5.3.27.jar;C:\Users\245098\.m2\repository\org\springframework\spring-webmvc\5.3.27\spring-webmvc-5.3.27.jar;C:\Users\245098\.m2\repository\org\springframework\spring-expression\5.3.27\spring-expression-5.3.27.jar;C:\Users\245098\.m2\repository\org\springdoc\springdoc-openapi-ui\1.6.15\springdoc-openapi-ui-1.6.15.jar;C:\Users\245098\.m2\repository\org\springdoc\springdoc-openapi-webmvc-core\1.6.15\springdoc-openapi-webmvc-core-1.6.15.jar;C:\Users\245098\.m2\repository\org\springdoc\springdoc-openapi-common\1.6.15\springdoc-openapi-common-1.6.15.jar;C:\Users\245098\.m2\repository\io\swagger\core\v3\swagger-core\2.2.8\swagger-core-2.2.8.jar;C:\Users\245098\.m2\repository\org\apache\commons\commons-lang3\3.12.0\commons-lang3-3.12.0.jar;C:\Users\245098\.m2\repository\com\fasterxml\jackson\dataformat\jackson-dataformat-yaml\2.13.5\jackson-dataformat-yaml-2.13.5.jar;C:\Users\245098\.m2\repository\io\swagger\core\v3\swagger-annotations\2.2.8\swagger-annotations-2.2.8.jar;C:\Users\245098\.m2\repository\io\swagger\core\v3\swagger-models\2.2.8\swagger-models-2.2.8.jar;C:\Users\245098\.m2\repository\org\webjars\swagger-ui\4.17.1\swagger-ui-4.17.1.jar;C:\Users\245098\.m2\repository\org\webjars\webjars-locator-core\0.50\webjars-locator-core-0.50.jar;C:\Users\245098\.m2\repository\com\fasterxml\jackson\core\jackson-core\2.13.5\jackson-core-2.13.5.jar;C:\Users\245098\.m2\repository\io\github\classgraph\classgraph\4.8.149\classgraph-4.8.149.jar;C:\Users\245098\.m2\repository\org\springframework\boot\spring-boot-devtools\2.7.12\spring-boot-devtools-2.7.12.jar;C:\Users\245098\.m2\repository\org\springframework\boot\spring-boot\2.7.12\spring-boot-2.7.12.jar;C:\Users\245098\.m2\repository\org\springframework\boot\spring-boot-autoconfigure\2.7.12\spring-boot-autoconfigure-2.7.12.jar;C:\Users\245098\.m2\repository\com\mysql\mysql-connector-j\8.0.33\mysql-connector-j-8.0.33.jar;C:\Users\245098\.m2\repository\org\projectlombok\lombok\1.18.26\lombok-1.18.26.jar;C:\Users\245098\.m2\repository\software\amazon\awssdk\aws-sdk-java\2.16.0\aws-sdk-java-2.16.0.jar;C:\Users\245098\.m2\repository\software\amazon\awssdk\acm\2.16.0\acm-2.16.0.jar;C:\Users\245098\.m2\repository\software\amazon\awssdk\aws-json-protocol\2.16.0\aws-json-protocol-2.16.0.jar;C:\Users\245098\.m2\repository\software\amazon\awssdk\protocol-core\2.16.0\protocol-core-2.16.0.jar;C:\Users\245098\.m2\repository\software\amazon\awssdk\sdk-core\2.16.0\sdk-core-2.16.0.jar;C:\Users\245098\.m2\repository\org\reactivestreams\reactive-streams\1.0.4\reactive-streams-1.0.4.jar;C:\Users\245098\.m2\repository\software\amazon\awssdk\auth\2.16.0\auth-2.16.0.jar;C:\Users\245098\.m2\repository\software\amazon\eventstream\eventstream\1.0.1\eventstream-1.0.1.jar;C:\Users\245098\.m2\repository\software\amazon\awssdk\http-client-spi\2.16.0\http-client-spi-2.16.0.jar;C:\Users\245098\.m2\repository\software\amazon\awssdk\regions\2.16.0\regions-2.16.0.jar;C:\Users\245098\.m2\repository\software\amazon\awssdk\annotations\2.16.0\annotations-2.16.0.jar;C:\Users\245098\.m2\repository\software\amazon\awssdk\utils\2.16.0\utils-2.16.0.jar;C:\Users\245098\.m2\repository\software\amazon\awssdk\aws-core\2.16.0\aws-core-2.16.0.jar;C:\Users\245098\.m2\repository\software\amazon\awssdk\metrics-spi\2.16.0\metrics-spi-2.16.0.jar;C:\Users\245098\.m2\repository\software\amazon\awssdk\apache-client\2.16.0\apache-client-2.16.0.jar;C:\Users\245098\.m2\repository\org\apache\httpcomponents\httpcore\4.4.16\httpcore-4.4.16.jar;C:\Users\245098\.m2\repository\software\amazon\awssdk\netty-nio-client\2.16.0\netty-nio-client-2.16.0.jar;C:\Users\245098\.m2\repository\io\netty\netty-codec-http\4.1.92.Final\netty-codec-http-4.1.92.Final.jar;C:\Users\245098\.m2\repository\io\netty\netty-codec-http2\4.1.92.Final\netty-codec-http2-4.1.92.Final.jar;C:\Users\245098\.m2\repository\io\netty\netty-codec\4.1.92.Final\netty-codec-4.1.92.Final.jar;C:\Users\245098\.m2\repository\io\netty\netty-transport\4.1.92.Final\netty-transport-4.1.92.Final.jar;C:\Users\245098\.m2\repository\io\netty\netty-resolver\4.1.92.Final\netty-resolver-4.1.92.Final.jar;C:\Users\245098\.m2\repository\io\netty\netty-common\4.1.92.Final\netty-common-4.1.92.Final.jar;C:\Users\245098\.m2\repository\io\netty\netty-buffer\4.1.92.Final\netty-buffer-4.1.92.Final.jar;C:\Users\245098\.m2\repository\io\netty\netty-handler\4.1.92.Final\netty-handler-4.1.92.Final.jar;C:\Users\245098\.m2\repository\io\netty\netty-transport-native-unix-common\4.1.92.Final\netty-transport-native-unix-common-4.1.92.Final.jar;C:\Users\245098\.m2\repository\io\netty\netty-transport-native-epoll\4.1.92.Final\netty-transport-native-epoll-4.1.92.Final-linux-x86_64.jar;C:\Users\245098\.m2\repository\io\netty\netty-transport-classes-epoll\4.1.92.Final\netty-transport-classes-epoll-4.1.92.Final.jar;C:\Users\245098\.m2\repository\com\typesafe\netty\netty-reactive-streams-http\2.0.4\netty-reactive-streams-http-2.0.4.jar;C:\Users\245098\.m2\repository\com\typesafe\netty\netty-reactive-streams\2.0.4\netty-reactive-streams-2.0.4.jar;C:\Users\245098\.m2\repository\software\amazon\awssdk\acmpca\2.16.0\acmpca-2.16.0.jar;C:\Users\245098\.m2\repository\software\amazon\awssdk\alexaforbusiness\2.16.0\alexaforbusiness-2.16.0.jar;C:\Users\245098\.m2\repository\software\amazon\awssdk\amplify\2.16.0\amplify-2.16.0.jar;C:\Users\245098\.m2\repository\software\amazon\awssdk\apigateway\2.16.0\apigateway-2.16.0.jar;C:\Users\245098\.m2\repository\software\amazon\awssdk\apigatewaymanagementapi\2.16.0\apigatewaymanagementapi-2.16.0.jar;C:\Users\245098\.m2\repository\software\amazon\awssdk\apigatewayv2\2.16.0\apigatewayv2-2.16.0.jar;C:\Users\245098\.m2\repository\software\amazon\awssdk\applicationautoscaling\2.16.0\applicationautoscaling-2.16.0.jar;C:\Users\245098\.m2\repository\software\amazon\awssdk\applicationdiscovery\2.16.0\applicationdiscovery-2.16.0.jar;C:\Users\245098\.m2\repository\software\amazon\awssdk\appmesh\2.16.0\appmesh-2.16.0.jar;C:\Users\245098\.m2\repository\software\amazon\awssdk\appstream\2.16.0\appstream-2.16.0.jar;C:\Users\245098\.m2\repository\software\amazon\awssdk\appsync\2.16.0\appsync-2.16.0.jar;C:\Users\245098\.m2\repository\software\amazon\awssdk\athena\2.16.0\athena-2.16.0.jar;C:\Users\245098\.m2\repository\software\amazon\awssdk\autoscaling\2.16.0\autoscaling-2.16.0.jar;C:\Users\245098\.m2\repository\software\amazon\awssdk\aws-query-protocol\2.16.0\aws-query-protocol-2.16.0.jar;C:\Users\245098\.m2\repository\software\amazon\awssdk\autoscalingplans\2.16.0\autoscalingplans-2.16.0.jar;C:\Users\245098\.m2\repository\software\amazon\awssdk\backup\2.16.0\backup-2.16.0.jar;C:\Users\245098\.m2\repository\software\amazon\awssdk\batch\2.16.0\batch-2.16.0.jar;C:\Users\245098\.m2\repository\software\amazon\awssdk\budgets\2.16.0\budgets-2.16.0.jar;C:\Users\245098\.m2\repository\software\amazon\awssdk\chime\2.16.0\chime-2.16.0.jar;C:\Users\245098\.m2\repository\software\amazon\awssdk\cloud9\2.16.0\cloud9-2.16.0.jar;C:\Users\245098\.m2\repository\software\amazon\awssdk\clouddirectory\2.16.0\clouddirectory-2.16.0.jar;C:\Users\245098\.m2\repository\software\amazon\awssdk\cloudformation\2.16.0\cloudformation-2.16.0.jar;C:\Users\245098\.m2\repository\software\amazon\awssdk\cloudfront\2.16.0\cloudfront-2.16.0.jar;C:\Users\245098\.m2\repository\software\amazon\awssdk\aws-xml-protocol\2.16.0\aws-xml-protocol-2.16.0.jar;C:\Users\245098\.m2\repository\software\amazon\awssdk\cloudhsm\2.16.0\cloudhsm-2.16.0.jar;C:\Users\245098\.m2\repository\software\amazon\awssdk\cloudhsmv2\2.16.0\cloudhsmv2-2.16.0.jar;C:\Users\245098\.m2\repository\software\amazon\awssdk\cloudsearch\2.16.0\cloudsearch-2.16.0.jar;C:\Users\245098\.m2\repository\software\amazon\awssdk\cloudsearchdomain\2.16.0\cloudsearchdomain-2.16.0.jar;C:\Users\245098\.m2\repository\software\amazon\awssdk\cloudtrail\2.16.0\cloudtrail-2.16.0.jar;C:\Users\245098\.m2\repository\software\amazon\awssdk\cloudwatch\2.16.0\cloudwatch-2.16.0.jar;C:\Users\245098\.m2\repository\software\amazon\awssdk\cloudwatchevents\2.16.0\cloudwatchevents-2.16.0.jar;C:\Users\245098\.m2\repository\software\amazon\awssdk\cloudwatchlogs\2.16.0\cloudwatchlogs-2.16.0.jar;C:\Users\245098\.m2\repository\software\amazon\awssdk\codebuild\2.16.0\codebuild-2.16.0.jar;C:\Users\245098\.m2\repository\software\amazon\awssdk\codecommit\2.16.0\codecommit-2.16.0.jar;C:\Users\245098\.m2\repository\software\amazon\awssdk\codedeploy\2.16.0\codedeploy-2.16.0.jar;C:\Users\245098\.m2\repository\software\amazon\awssdk\codepipeline\2.16.0\codepipeline-2.16.0.jar;C:\Users\245098\.m2\repository\software\amazon\awssdk\codestar\2.16.0\codestar-2.16.0.jar;C:\Users\245098\.m2\repository\software\amazon\awssdk\cognitoidentity\2.16.0\cognitoidentity-2.16.0.jar;C:\Users\245098\.m2\repository\software\amazon\awssdk\cognitoidentityprovider\2.16.0\cognitoidentityprovider-2.16.0.jar;C:\Users\245098\.m2\repository\software\amazon\awssdk\cognitosync\2.16.0\cognitosync-2.16.0.jar;C:\Users\245098\.m2\repository\software\amazon\awssdk\comprehend\2.16.0\comprehend-2.16.0.jar;C:\Users\245098\.m2\repository\software\amazon\awssdk\comprehendmedical\2.16.0\comprehendmedical-2.16.0.jar;C:\Users\245098\.m2\repository\software\amazon\awssdk\config\2.16.0\config-2.16.0.jar;C:\Users\245098\.m2\repository\software\amazon\awssdk\connect\2.16.0\connect-2.16.0.jar;C:\Users\245098\.m2\repository\software\amazon\awssdk\costandusagereport\2.16.0\costandusagereport-2.16.0.jar;C:\Users\245098\.m2\repository\software\amazon\awssdk\costexplorer\2.16.0\costexplorer-2.16.0.jar;C:\Users\245098\.m2\repository\software\amazon\awssdk\databasemigration\2.16.0\databasemigration-2.16.0.jar;C:\Users\245098\.m2\repository\software\amazon\awssdk\datapipeline\2.16.0\datapipeline-2.16.0.jar;C:\Users\245098\.m2\repository\software\amazon\awssdk\datasync\2.16.0\datasync-2.16.0.jar;C:\Users\245098\.m2\repository\software\amazon\awssdk\dax\2.16.0\dax-2.16.0.jar;C:\Users\245098\.m2\repository\software\amazon\awssdk\devicefarm\2.16.0\devicefarm-2.16.0.jar;C:\Users\245098\.m2\repository\software\amazon\awssdk\directconnect\2.16.0\directconnect-2.16.0.jar;C:\Users\245098\.m2\repository\software\amazon\awssdk\directory\2.16.0\directory-2.16.0.jar;C:\Users\245098\.m2\repository\software\amazon\awssdk\dlm\2.16.0\dlm-2.16.0.jar;C:\Users\245098\.m2\repository\software\amazon\awssdk\docdb\2.16.0\docdb-2.16.0.jar;C:\Users\245098\.m2\repository\software\amazon\awssdk\dynamodb\2.16.0\dynamodb-2.16.0.jar;C:\Users\245098\.m2\repository\software\amazon\awssdk\profiles\2.16.0\profiles-2.16.0.jar;C:\Users\245098\.m2\repository\software\amazon\awssdk\ec2\2.16.0\ec2-2.16.0.jar;C:\Users\245098\.m2\repository\software\amazon\awssdk\ecr\2.16.0\ecr-2.16.0.jar;C:\Users\245098\.m2\repository\software\amazon\awssdk\ecs\2.16.0\ecs-2.16.0.jar;C:\Users\245098\.m2\repository\software\amazon\awssdk\efs\2.16.0\efs-2.16.0.jar;C:\Users\245098\.m2\repository\software\amazon\awssdk\eks\2.16.0\eks-2.16.0.jar;C:\Users\245098\.m2\repository\software\amazon\awssdk\elasticache\2.16.0\elasticache-2.16.0.jar;C:\Users\245098\.m2\repository\software\amazon\awssdk\elasticbeanstalk\2.16.0\elasticbeanstalk-2.16.0.jar;C:\Users\245098\.m2\repository\software\amazon\awssdk\elasticloadbalancing\2.16.0\elasticloadbalancing-2.16.0.jar;C:\Users\245098\.m2\repository\software\amazon\awssdk\elasticloadbalancingv2\2.16.0\elasticloadbalancingv2-2.16.0.jar;C:\Users\245098\.m2\repository\software\amazon\awssdk\elasticsearch\2.16.0\elasticsearch-2.16.0.jar;C:\Users\245098\.m2\repository\software\amazon\awssdk\elastictranscoder\2.16.0\elastictranscoder-2.16.0.jar;C:\Users\245098\.m2\repository\software\amazon\awssdk\emr\2.16.0\emr-2.16.0.jar;C:\Users\245098\.m2\repository\software\amazon\awssdk\firehose\2.16.0\firehose-2.16.0.jar;C:\Users\245098\.m2\repository\software\amazon\awssdk\fms\2.16.0\fms-2.16.0.jar;C:\Users\245098\.m2\repository\software\amazon\awssdk\fsx\2.16.0\fsx-2.16.0.jar;C:\Users\245098\.m2\repository\software\amazon\awssdk\gamelift\2.16.0\gamelift-2.16.0.jar;C:\Users\245098\.m2\repository\software\amazon\awssdk\glacier\2.16.0\glacier-2.16.0.jar;C:\Users\245098\.m2\repository\software\amazon\awssdk\globalaccelerator\2.16.0\globalaccelerator-2.16.0.jar;C:\Users\245098\.m2\repository\software\amazon\awssdk\glue\2.16.0\glue-2.16.0.jar;C:\Users\245098\.m2\repository\software\amazon\awssdk\greengrass\2.16.0\greengrass-2.16.0.jar;C:\Users\245098\.m2\repository\software\amazon\awssdk\guardduty\2.16.0\guardduty-2.16.0.jar;C:\Users\245098\.m2\repository\software\amazon\awssdk\health\2.16.0\health-2.16.0.jar;C:\Users\245098\.m2\repository\software\amazon\awssdk\iam\2.16.0\iam-2.16.0.jar;C:\Users\245098\.m2\repository\software\amazon\awssdk\inspector\2.16.0\inspector-2.16.0.jar;C:\Users\245098\.m2\repository\software\amazon\awssdk\iot\2.16.0\iot-2.16.0.jar;C:\Users\245098\.m2\repository\software\amazon\awssdk\iot1clickdevices\2.16.0\iot1clickdevices-2.16.0.jar;C:\Users\245098\.m2\repository\software\amazon\awssdk\iot1clickprojects\2.16.0\iot1clickprojects-2.16.0.jar;C:\Users\245098\.m2\repository\software\amazon\awssdk\iotanalytics\2.16.0\iotanalytics-2.16.0.jar;C:\Users\245098\.m2\repository\software\amazon\awssdk\iotdataplane\2.16.0\iotdataplane-2.16.0.jar;C:\Users\245098\.m2\repository\software\amazon\awssdk\iotjobsdataplane\2.16.0\iotjobsdataplane-2.16.0.jar;C:\Users\245098\.m2\repository\software\amazon\awssdk\kafka\2.16.0\kafka-2.16.0.jar;C:\Users\245098\.m2\repository\software\amazon\awssdk\kinesis\2.16.0\kinesis-2.16.0.jar;C:\Users\245098\.m2\repository\software\amazon\awssdk\aws-cbor-protocol\2.16.0\aws-cbor-protocol-2.16.0.jar;C:\Users\245098\.m2\repository\com\fasterxml\jackson\dataformat\jackson-dataformat-cbor\2.13.5\jackson-dataformat-cbor-2.13.5.jar;C:\Users\245098\.m2\repository\software\amazon\awssdk\kinesisanalytics\2.16.0\kinesisanalytics-2.16.0.jar;C:\Users\245098\.m2\repository\software\amazon\awssdk\kinesisanalyticsv2\2.16.0\kinesisanalyticsv2-2.16.0.jar;C:\Users\245098\.m2\repository\software\amazon\awssdk\kinesisvideo\2.16.0\kinesisvideo-2.16.0.jar;C:\Users\245098\.m2\repository\software\amazon\awssdk\kinesisvideoarchivedmedia\2.16.0\kinesisvideoarchivedmedia-2.16.0.jar;C:\Users\245098\.m2\repository\software\amazon\awssdk\kinesisvideomedia\2.16.0\kinesisvideomedia-2.16.0.jar;C:\Users\245098\.m2\repository\software\amazon\awssdk\kms\2.16.0\kms-2.16.0.jar;C:\Users\245098\.m2\repository\software\amazon\awssdk\lambda\2.16.0\lambda-2.16.0.jar;C:\Users\245098\.m2\repository\software\amazon\awssdk\lexmodelbuilding\2.16.0\lexmodelbuilding-2.16.0.jar;C:\Users\245098\.m2\repository\software\amazon\awssdk\lexruntime\2.16.0\lexruntime-2.16.0.jar;C:\Users\245098\.m2\repository\software\amazon\awssdk\licensemanager\2.16.0\licensemanager-2.16.0.jar;C:\Users\245098\.m2\repository\software\amazon\awssdk\lightsail\2.16.0\lightsail-2.16.0.jar;C:\Users\245098\.m2\repository\software\amazon\awssdk\machinelearning\2.16.0\machinelearning-2.16.0.jar;C:\Users\245098\.m2\repository\software\amazon\awssdk\macie\2.16.0\macie-2.16.0.jar;C:\Users\245098\.m2\repository\software\amazon\awssdk\managedblockchain\2.16.0\managedblockchain-2.16.0.jar;C:\Users\245098\.m2\repository\software\amazon\awssdk\marketplacecommerceanalytics\2.16.0\marketplacecommerceanalytics-2.16.0.jar;C:\Users\245098\.m2\repository\software\amazon\awssdk\marketplaceentitlement\2.16.0\marketplaceentitlement-2.16.0.jar;C:\Users\245098\.m2\repository\software\amazon\awssdk\marketplacemetering\2.16.0\marketplacemetering-2.16.0.jar;C:\Users\245098\.m2\repository\software\amazon\awssdk\mediaconnect\2.16.0\mediaconnect-2.16.0.jar;C:\Users\245098\.m2\repository\software\amazon\awssdk\mediaconvert\2.16.0\mediaconvert-2.16.0.jar;C:\Users\245098\.m2\repository\software\amazon\awssdk\medialive\2.16.0\medialive-2.16.0.jar;C:\Users\245098\.m2\repository\software\amazon\awssdk\mediapackage\2.16.0\mediapackage-2.16.0.jar;C:\Users\245098\.m2\repository\software\amazon\awssdk\mediapackagevod\2.16.0\mediapackagevod-2.16.0.jar;C:\Users\245098\.m2\repository\software\amazon\awssdk\mediastore\2.16.0\mediastore-2.16.0.jar;C:\Users\245098\.m2\repository\software\amazon\awssdk\mediastoredata\2.16.0\mediastoredata-2.16.0.jar;C:\Users\245098\.m2\repository\software\amazon\awssdk\mediatailor\2.16.0\mediatailor-2.16.0.jar;C:\Users\245098\.m2\repository\software\amazon\awssdk\migrationhub\2.16.0\migrationhub-2.16.0.jar;C:\Users\245098\.m2\repository\software\amazon\awssdk\mobile\2.16.0\mobile-2.16.0.jar;C:\Users\245098\.m2\repository\software\amazon\awssdk\mq\2.16.0\mq-2.16.0.jar;C:\Users\245098\.m2\repository\software\amazon\awssdk\mturk\2.16.0\mturk-2.16.0.jar;C:\Users\245098\.m2\repository\software\amazon\awssdk\neptune\2.16.0\neptune-2.16.0.jar;C:\Users\245098\.m2\repository\software\amazon\awssdk\opsworks\2.16.0\opsworks-2.16.0.jar;C:\Users\245098\.m2\repository\software\amazon\awssdk\opsworkscm\2.16.0\opsworkscm-2.16.0.jar;C:\Users\245098\.m2\repository\software\amazon\awssdk\organizations\2.16.0\organizations-2.16.0.jar;C:\Users\245098\.m2\repository\software\amazon\awssdk\pi\2.16.0\pi-2.16.0.jar;C:\Users\245098\.m2\repository\software\amazon\awssdk\pinpoint\2.16.0\pinpoint-2.16.0.jar;C:\Users\245098\.m2\repository\software\amazon\awssdk\pinpointemail\2.16.0\pinpointemail-2.16.0.jar;C:\Users\245098\.m2\repository\software\amazon\awssdk\pinpointsmsvoice\2.16.0\pinpointsmsvoice-2.16.0.jar;C:\Users\245098\.m2\repository\software\amazon\awssdk\polly\2.16.0\polly-2.16.0.jar;C:\Users\245098\.m2\repository\software\amazon\awssdk\pricing\2.16.0\pricing-2.16.0.jar;C:\Users\245098\.m2\repository\software\amazon\awssdk\quicksight\2.16.0\quicksight-2.16.0.jar;C:\Users\245098\.m2\repository\software\amazon\awssdk\ram\2.16.0\ram-2.16.0.jar;C:\Users\245098\.m2\repository\software\amazon\awssdk\rds\2.16.0\rds-2.16.0.jar;C:\Users\245098\.m2\repository\software\amazon\awssdk\rdsdata\2.16.0\rdsdata-2.16.0.jar;C:\Users\245098\.m2\repository\software\amazon\awssdk\redshift\2.16.0\redshift-2.16.0.jar;C:\Users\245098\.m2\repository\software\amazon\awssdk\rekognition\2.16.0\rekognition-2.16.0.jar;C:\Users\245098\.m2\repository\software\amazon\awssdk\resourcegroups\2.16.0\resourcegroups-2.16.0.jar;C:\Users\245098\.m2\repository\software\amazon\awssdk\resourcegroupstaggingapi\2.16.0\resourcegroupstaggingapi-2.16.0.jar;C:\Users\245098\.m2\repository\software\amazon\awssdk\robomaker\2.16.0\robomaker-2.16.0.jar;C:\Users\245098\.m2\repository\software\amazon\awssdk\route53\2.16.0\route53-2.16.0.jar;C:\Users\245098\.m2\repository\software\amazon\awssdk\route53domains\2.16.0\route53domains-2.16.0.jar;C:\Users\245098\.m2\repository\software\amazon\awssdk\route53resolver\2.16.0\route53resolver-2.16.0.jar;C:\Users\245098\.m2\repository\software\amazon\awssdk\s3\2.16.0\s3-2.16.0.jar;C:\Users\245098\.m2\repository\software\amazon\awssdk\arns\2.16.0\arns-2.16.0.jar;C:\Users\245098\.m2\repository\software\amazon\awssdk\s3control\2.16.0\s3control-2.16.0.jar;C:\Users\245098\.m2\repository\software\amazon\awssdk\sagemaker\2.16.0\sagemaker-2.16.0.jar;C:\Users\245098\.m2\repository\software\amazon\awssdk\sagemakerruntime\2.16.0\sagemakerruntime-2.16.0.jar;C:\Users\245098\.m2\repository\software\amazon\awssdk\secretsmanager\2.16.0\secretsmanager-2.16.0.jar;C:\Users\245098\.m2\repository\software\amazon\awssdk\securityhub\2.16.0\securityhub-2.16.0.jar;C:\Users\245098\.m2\repository\software\amazon\awssdk\serverlessapplicationrepository\2.16.0\serverlessapplicationrepository-2.16.0.jar;C:\Users\245098\.m2\repository\software\amazon\awssdk\servicecatalog\2.16.0\servicecatalog-2.16.0.jar;C:\Users\245098\.m2\repository\software\amazon\awssdk\servicediscovery\2.16.0\servicediscovery-2.16.0.jar;C:\Users\245098\.m2\repository\software\amazon\awssdk\ses\2.16.0\ses-2.16.0.jar;C:\Users\245098\.m2\repository\software\amazon\awssdk\sfn\2.16.0\sfn-2.16.0.jar;C:\Users\245098\.m2\repository\software\amazon\awssdk\shield\2.16.0\shield-2.16.0.jar;C:\Users\245098\.m2\repository\software\amazon\awssdk\signer\2.16.0\signer-2.16.0.jar;C:\Users\245098\.m2\repository\software\amazon\awssdk\sms\2.16.0\sms-2.16.0.jar;C:\Users\245098\.m2\repository\software\amazon\awssdk\snowball\2.16.0\snowball-2.16.0.jar;C:\Users\245098\.m2\repository\software\amazon\awssdk\sns\2.16.0\sns-2.16.0.jar;C:\Users\245098\.m2\repository\software\amazon\awssdk\sqs\2.16.0\sqs-2.16.0.jar;C:\Users\245098\.m2\repository\software\amazon\awssdk\ssm\2.16.0\ssm-2.16.0.jar;C:\Users\245098\.m2\repository\software\amazon\awssdk\storagegateway\2.16.0\storagegateway-2.16.0.jar;C:\Users\245098\.m2\repository\software\amazon\awssdk\sts\2.16.0\sts-2.16.0.jar;C:\Users\245098\.m2\repository\software\amazon\awssdk\support\2.16.0\support-2.16.0.jar;C:\Users\245098\.m2\repository\software\amazon\awssdk\swf\2.16.0\swf-2.16.0.jar;C:\Users\245098\.m2\repository\software\amazon\awssdk\textract\2.16.0\textract-2.16.0.jar;C:\Users\245098\.m2\repository\software\amazon\awssdk\transcribe\2.16.0\transcribe-2.16.0.jar;C:\Users\245098\.m2\repository\software\amazon\awssdk\transcribestreaming\2.16.0\transcribestreaming-2.16.0.jar;C:\Users\245098\.m2\repository\software\amazon\awssdk\transfer\2.16.0\transfer-2.16.0.jar;C:\Users\245098\.m2\repository\software\amazon\awssdk\translate\2.16.0\translate-2.16.0.jar;C:\Users\245098\.m2\repository\software\amazon\awssdk\waf\2.16.0\waf-2.16.0.jar;C:\Users\245098\.m2\repository\software\amazon\awssdk\workdocs\2.16.0\workdocs-2.16.0.jar;C:\Users\245098\.m2\repository\software\amazon\awssdk\worklink\2.16.0\worklink-2.16.0.jar;C:\Users\245098\.m2\repository\software\amazon\awssdk\workmail\2.16.0\workmail-2.16.0.jar;C:\Users\245098\.m2\repository\software\amazon\awssdk\workspaces\2.16.0\workspaces-2.16.0.jar;C:\Users\245098\.m2\repository\software\amazon\awssdk\xray\2.16.0\xray-2.16.0.jar;C:\Users\245098\.m2\repository\software\amazon\awssdk\groundstation\2.16.0\groundstation-2.16.0.jar;C:\Users\245098\.m2\repository\software\amazon\awssdk\iotthingsgraph\2.16.0\iotthingsgraph-2.16.0.jar;C:\Users\245098\.m2\repository\software\amazon\awssdk\iotevents\2.16.0\iotevents-2.16.0.jar;C:\Users\245098\.m2\repository\software\amazon\awssdk\ioteventsdata\2.16.0\ioteventsdata-2.16.0.jar;C:\Users\245098\.m2\repository\software\amazon\awssdk\personalizeruntime\2.16.0\personalizeruntime-2.16.0.jar;C:\Users\245098\.m2\repository\software\amazon\awssdk\personalize\2.16.0\personalize-2.16.0.jar;C:\Users\245098\.m2\repository\software\amazon\awssdk\personalizeevents\2.16.0\personalizeevents-2.16.0.jar;C:\Users\245098\.m2\repository\software\amazon\awssdk\servicequotas\2.16.0\servicequotas-2.16.0.jar;C:\Users\245098\.m2\repository\software\amazon\awssdk\applicationinsights\2.16.0\applicationinsights-2.16.0.jar;C:\Users\245098\.m2\repository\software\amazon\awssdk\ec2instanceconnect\2.16.0\ec2instanceconnect-2.16.0.jar;C:\Users\245098\.m2\repository\software\amazon\awssdk\eventbridge\2.16.0\eventbridge-2.16.0.jar;C:\Users\245098\.m2\repository\software\amazon\awssdk\lakeformation\2.16.0\lakeformation-2.16.0.jar;C:\Users\245098\.m2\repository\software\amazon\awssdk\forecast\2.16.0\forecast-2.16.0.jar;C:\Users\245098\.m2\repository\software\amazon\awssdk\forecastquery\2.16.0\forecastquery-2.16.0.jar;C:\Users\245098\.m2\repository\software\amazon\awssdk\qldb\2.16.0\qldb-2.16.0.jar;C:\Users\245098\.m2\repository\software\amazon\awssdk\qldbsession\2.16.0\qldbsession-2.16.0.jar;C:\Users\245098\.m2\repository\software\amazon\awssdk\workmailmessageflow\2.16.0\workmailmessageflow-2.16.0.jar;C:\Users\245098\.m2\repository\software\amazon\awssdk\codestarnotifications\2.16.0\codestarnotifications-2.16.0.jar;C:\Users\245098\.m2\repository\software\amazon\awssdk\savingsplans\2.16.0\savingsplans-2.16.0.jar;C:\Users\245098\.m2\repository\software\amazon\awssdk\sso\2.16.0\sso-2.16.0.jar;C:\Users\245098\.m2\repository\software\amazon\awssdk\ssooidc\2.16.0\ssooidc-2.16.0.jar;C:\Users\245098\.m2\repository\software\amazon\awssdk\marketplacecatalog\2.16.0\marketplacecatalog-2.16.0.jar;C:\Users\245098\.m2\repository\software\amazon\awssdk\sesv2\2.16.0\sesv2-2.16.0.jar;C:\Users\245098\.m2\repository\software\amazon\awssdk\dataexchange\2.16.0\dataexchange-2.16.0.jar;C:\Users\245098\.m2\repository\software\amazon\awssdk\migrationhubconfig\2.16.0\migrationhubconfig-2.16.0.jar;C:\Users\245098\.m2\repository\software\amazon\awssdk\connectparticipant\2.16.0\connectparticipant-2.16.0.jar;C:\Users\245098\.m2\repository\software\amazon\awssdk\wafv2\2.16.0\wafv2-2.16.0.jar;C:\Users\245098\.m2\repository\software\amazon\awssdk\appconfig\2.16.0\appconfig-2.16.0.jar;C:\Users\245098\.m2\repository\software\amazon\awssdk\iotsecuretunneling\2.16.0\iotsecuretunneling-2.16.0.jar;C:\Users\245098\.m2\repository\software\amazon\awssdk\elasticinference\2.16.0\elasticinference-2.16.0.jar;C:\Users\245098\.m2\repository\software\amazon\awssdk\imagebuilder\2.16.0\imagebuilder-2.16.0.jar;C:\Users\245098\.m2\repository\software\amazon\awssdk\schemas\2.16.0\schemas-2.16.0.jar;C:\Users\245098\.m2\repository\software\amazon\awssdk\accessanalyzer\2.16.0\accessanalyzer-2.16.0.jar;C:\Users\245098\.m2\repository\software\amazon\awssdk\computeoptimizer\2.16.0\computeoptimizer-2.16.0.jar;C:\Users\245098\.m2\repository\software\amazon\awssdk\networkmanager\2.16.0\networkmanager-2.16.0.jar;C:\Users\245098\.m2\repository\software\amazon\awssdk\kendra\2.16.0\kendra-2.16.0.jar;C:\Users\245098\.m2\repository\software\amazon\awssdk\frauddetector\2.16.0\frauddetector-2.16.0.jar;C:\Users\245098\.m2\repository\software\amazon\awssdk\codegurureviewer\2.16.0\codegurureviewer-2.16.0.jar;C:\Users\245098\.m2\repository\software\amazon\awssdk\codeguruprofiler\2.16.0\codeguruprofiler-2.16.0.jar;C:\Users\245098\.m2\repository\software\amazon\awssdk\outposts\2.16.0\outposts-2.16.0.jar;C:\Users\245098\.m2\repository\software\amazon\awssdk\sagemakera2iruntime\2.16.0\sagemakera2iruntime-2.16.0.jar;C:\Users\245098\.m2\repository\software\amazon\awssdk\ebs\2.16.0\ebs-2.16.0.jar;C:\Users\245098\.m2\repository\software\amazon\awssdk\kinesisvideosignaling\2.16.0\kinesisvideosignaling-2.16.0.jar;C:\Users\245098\.m2\repository\software\amazon\awssdk\detective\2.16.0\detective-2.16.0.jar;C:\Users\245098\.m2\repository\software\amazon\awssdk\codestarconnections\2.16.0\codestarconnections-2.16.0.jar;C:\Users\245098\.m2\repository\software\amazon\awssdk\synthetics\2.16.0\synthetics-2.16.0.jar;C:\Users\245098\.m2\repository\software\amazon\awssdk\iotsitewise\2.16.0\iotsitewise-2.16.0.jar;C:\Users\245098\.m2\repository\software\amazon\awssdk\macie2\2.16.0\macie2-2.16.0.jar;C:\Users\245098\.m2\repository\software\amazon\awssdk\codeartifact\2.16.0\codeartifact-2.16.0.jar;C:\Users\245098\.m2\repository\software\amazon\awssdk\honeycode\2.16.0\honeycode-2.16.0.jar;C:\Users\245098\.m2\repository\software\amazon\awssdk\ivs\2.16.0\ivs-2.16.0.jar;C:\Users\245098\.m2\repository\software\amazon\awssdk\braket\2.16.0\braket-2.16.0.jar;C:\Users\245098\.m2\repository\software\amazon\awssdk\identitystore\2.16.0\identitystore-2.16.0.jar;C:\Users\245098\.m2\repository\software\amazon\awssdk\appflow\2.16.0\appflow-2.16.0.jar;C:\Users\245098\.m2\repository\software\amazon\awssdk\redshiftdata\2.16.0\redshiftdata-2.16.0.jar;C:\Users\245098\.m2\repository\software\amazon\awssdk\ssoadmin\2.16.0\ssoadmin-2.16.0.jar;C:\Users\245098\.m2\repository\software\amazon\awssdk\timestreamwrite\2.16.0\timestreamwrite-2.16.0.jar;C:\Users\245098\.m2\repository\software\amazon\awssdk\timestreamquery\2.16.0\timestreamquery-2.16.0.jar;C:\Users\245098\.m2\repository\software\amazon\awssdk\s3outposts\2.16.0\s3outposts-2.16.0.jar;C:\Users\245098\.m2\repository\software\amazon\awssdk\databrew\2.16.0\databrew-2.16.0.jar;C:\Users\245098\.m2\repository\software\amazon\awssdk\servicecatalogappregistry\2.16.0\servicecatalogappregistry-2.16.0.jar;C:\Users\245098\.m2\repository\software\amazon\awssdk\networkfirewall\2.16.0\networkfirewall-2.16.0.jar;C:\Users\245098\.m2\repository\software\amazon\awssdk\mwaa\2.16.0\mwaa-2.16.0.jar;C:\Users\245098\.m2\repository\software\amazon\awssdk\devopsguru\2.16.0\devopsguru-2.16.0.jar;C:\Users\245098\.m2\repository\software\amazon\awssdk\sagemakerfeaturestoreruntime\2.16.0\sagemakerfeaturestoreruntime-2.16.0.jar;C:\Users\245098\.m2\repository\software\amazon\awssdk\appintegrations\2.16.0\appintegrations-2.16.0.jar;C:\Users\245098\.m2\repository\software\amazon\awssdk\ecrpublic\2.16.0\ecrpublic-2.16.0.jar;C:\Users\245098\.m2\repository\software\amazon\awssdk\amplifybackend\2.16.0\amplifybackend-2.16.0.jar;C:\Users\245098\.m2\repository\software\amazon\awssdk\connectcontactlens\2.16.0\connectcontactlens-2.16.0.jar;C:\Users\245098\.m2\repository\software\amazon\awssdk\lookoutvision\2.16.0\lookoutvision-2.16.0.jar;C:\Users\245098\.m2\repository\software\amazon\awssdk\customerprofiles\2.16.0\customerprofiles-2.16.0.jar;C:\Users\245098\.m2\repository\software\amazon\awssdk\emrcontainers\2.16.0\emrcontainers-2.16.0.jar;C:\Users\245098\.m2\repository\software\amazon\awssdk\sagemakeredge\2.16.0\sagemakeredge-2.16.0.jar;C:\Users\245098\.m2\repository\software\amazon\awssdk\healthlake\2.16.0\healthlake-2.16.0.jar;C:\Users\245098\.m2\repository\software\amazon\awssdk\auditmanager\2.16.0\auditmanager-2.16.0.jar;C:\Users\245098\.m2\repository\software\amazon\awssdk\amp\2.16.0\amp-2.16.0.jar;C:\Users\245098\.m2\repository\software\amazon\awssdk\greengrassv2\2.16.0\greengrassv2-2.16.0.jar;C:\Users\245098\.m2\repository\software\amazon\awssdk\iotwireless\2.16.0\iotwireless-2.16.0.jar;C:\Users\245098\.m2\repository\software\amazon\awssdk\iotfleethub\2.16.0\iotfleethub-2.16.0.jar;C:\Users\245098\.m2\repository\software\amazon\awssdk\iotdeviceadvisor\2.16.0\iotdeviceadvisor-2.16.0.jar;C:\Users\245098\.m2\repository\software\amazon\awssdk\location\2.16.0\location-2.16.0.jar;C:\Users\245098\.m2\repository\software\amazon\awssdk\wellarchitected\2.16.0\wellarchitected-2.16.0.jar;C:\Users\245098\.m2\repository\software\amazon\awssdk\lexruntimev2\2.16.0\lexruntimev2-2.16.0.jar;C:\Users\245098\.m2\repository\software\amazon\awssdk\lexmodelsv2\2.16.0\lexmodelsv2-2.16.0.jar;C:\Users\245098\.m2\repository\org\springframework\boot\spring-boot-starter-test\2.7.12\spring-boot-starter-test-2.7.12.jar;C:\Users\245098\.m2\repository\org\springframework\boot\spring-boot-test\2.7.12\spring-boot-test-2.7.12.jar;C:\Users\245098\.m2\repository\org\springframework\boot\spring-boot-test-autoconfigure\2.7.12\spring-boot-test-autoconfigure-2.7.12.jar;C:\Users\245098\.m2\repository\com\jayway\jsonpath\json-path\2.7.0\json-path-2.7.0.jar;C:\Users\245098\.m2\repository\net\minidev\json-smart\2.4.11\json-smart-2.4.11.jar;C:\Users\245098\.m2\repository\net\minidev\accessors-smart\2.4.11\accessors-smart-2.4.11.jar;C:\Users\245098\.m2\repository\org\ow2\asm\asm\9.3\asm-9.3.jar;C:\Users\245098\.m2\repository\jakarta\xml\bind\jakarta.xml.bind-api\2.3.3\jakarta.xml.bind-api-2.3.3.jar;C:\Users\245098\.m2\repository\jakarta\activation\jakarta.activation-api\1.2.2\jakarta.activation-api-1.2.2.jar;C:\Users\245098\.m2\repository\org\assertj\assertj-core\3.22.0\assertj-core-3.22.0.jar;C:\Users\245098\.m2\repository\org\hamcrest\hamcrest\2.2\hamcrest-2.2.jar;C:\Users\245098\.m2\repository\org\junit\jupiter\junit-jupiter\5.8.2\junit-jupiter-5.8.2.jar;C:\Users\245098\.m2\repository\org\junit\jupiter\junit-jupiter-api\5.8.2\junit-jupiter-api-5.8.2.jar;C:\Users\245098\.m2\repository\org\opentest4j\opentest4j\1.2.0\opentest4j-1.2.0.jar;C:\Users\245098\.m2\repository\org\junit\platform\junit-platform-commons\1.8.2\junit-platform-commons-1.8.2.jar;C:\Users\245098\.m2\repository\org\apiguardian\apiguardian-api\1.1.2\apiguardian-api-1.1.2.jar;C:\Users\245098\.m2\repository\org\junit\jupiter\junit-jupiter-params\5.8.2\junit-jupiter-params-5.8.2.jar;C:\Users\245098\.m2\repository\org\junit\jupiter\junit-jupiter-engine\5.8.2\junit-jupiter-engine-5.8.2.jar;C:\Users\245098\.m2\repository\org\junit\platform\junit-platform-engine\1.8.2\junit-platform-engine-1.8.2.jar;C:\Users\245098\.m2\repository\org\mockito\mockito-core\4.5.1\mockito-core-4.5.1.jar;C:\Users\245098\.m2\repository\net\bytebuddy\byte-buddy-agent\1.12.23\byte-buddy-agent-1.12.23.jar;C:\Users\245098\.m2\repository\org\objenesis\objenesis\3.2\objenesis-3.2.jar;C:\Users\245098\.m2\repository\org\mockito\mockito-junit-jupiter\4.5.1\mockito-junit-jupiter-4.5.1.jar;C:\Users\245098\.m2\repository\org\skyscreamer\jsonassert\1.5.1\jsonassert-1.5.1.jar;C:\Users\245098\.m2\repository\com\vaadin\external\google\android-json\0.0.20131108.vaadin1\android-json-0.0.20131108.vaadin1.jar;C:\Users\245098\.m2\repository\org\springframework\spring-core\5.3.27\spring-core-5.3.27.jar;C:\Users\245098\.m2\repository\org\springframework\spring-jcl\5.3.27\spring-jcl-5.3.27.jar;C:\Users\245098\.m2\repository\org\springframework\spring-test\5.3.27\spring-test-5.3.27.jar;C:\Users\245098\.m2\repository\org\xmlunit\xmlunit-core\2.9.1\xmlunit-core-2.9.1.jar;C:\Users\245098\.m2\repository\org\springframework\boot\spring-boot-starter-validation\2.7.12\spring-boot-starter-validation-2.7.12.jar;C:\Users\245098\.m2\repository\org\apache\tomcat\embed\tomcat-embed-el\9.0.75\tomcat-embed-el-9.0.75.jar;C:\Users\245098\.m2\repository\org\hibernate\validator\hibernate-validator\6.2.5.Final\hibernate-validator-6.2.5.Final.jar;C:\Users\245098\.m2\repository\jakarta\validation\jakarta.validation-api\2.0.2\jakarta.validation-api-2.0.2.jar;C:\Users\245098\.m2\repository\org\springframework\cloud\spring-cloud-starter-netflix-eureka-client\3.1.6\spring-cloud-starter-netflix-eureka-client-3.1.6.jar;C:\Users\245098\.m2\repository\org\springframework\cloud\spring-cloud-starter\3.1.6\spring-cloud-starter-3.1.6.jar;C:\Users\245098\.m2\repository\org\springframework\cloud\spring-cloud-context\3.1.6\spring-cloud-context-3.1.6.jar;C:\Users\245098\.m2\repository\org\springframework\security\spring-security-crypto\5.7.8\spring-security-crypto-5.7.8.jar;C:\Users\245098\.m2\repository\org\springframework\cloud\spring-cloud-commons\3.1.6\spring-cloud-commons-3.1.6.jar;C:\Users\245098\.m2\repository\org\springframework\security\spring-security-rsa\1.0.11.RELEASE\spring-security-rsa-1.0.11.RELEASE.jar;C:\Users\245098\.m2\repository\org\bouncycastle\bcpkix-jdk15on\1.69\bcpkix-jdk15on-1.69.jar;C:\Users\245098\.m2\repository\org\bouncycastle\bcprov-jdk15on\1.69\bcprov-jdk15on-1.69.jar;C:\Users\245098\.m2\repository\org\bouncycastle\bcutil-jdk15on\1.69\bcutil-jdk15on-1.69.jar;C:\Users\245098\.m2\repository\org\springframework\cloud\spring-cloud-netflix-eureka-client\3.1.6\spring-cloud-netflix-eureka-client-3.1.6.jar;C:\Users\245098\.m2\repository\com\netflix\eureka\eureka-client\1.10.17\eureka-client-1.10.17.jar;C:\Users\245098\.m2\repository\com\netflix\netflix-commons\netflix-eventbus\0.3.0\netflix-eventbus-0.3.0.jar;C:\Users\245098\.m2\repository\com\netflix\netflix-commons\netflix-infix\0.3.0\netflix-infix-0.3.0.jar;C:\Users\245098\.m2\repository\commons-jxpath\commons-jxpath\1.3\commons-jxpath-1.3.jar;C:\Users\245098\.m2\repository\joda-time\joda-time\2.3\joda-time-2.3.jar;C:\Users\245098\.m2\repository\org\antlr\antlr-runtime\3.4\antlr-runtime-3.4.jar;C:\Users\245098\.m2\repository\org\antlr\stringtemplate\3.2.1\stringtemplate-3.2.1.jar;C:\Users\245098\.m2\repository\com\google\code\gson\gson\2.9.1\gson-2.9.1.jar;C:\Users\245098\.m2\repository\org\apache\commons\commons-math\2.2\commons-math-2.2.jar;C:\Users\245098\.m2\repository\com\thoughtworks\xstream\xstream\1.4.18\xstream-1.4.18.jar;C:\Users\245098\.m2\repository\io\github\x-stream\mxparser\1.2.2\mxparser-1.2.2.jar;C:\Users\245098\.m2\repository\xmlpull\xmlpull\1.1.3.1\xmlpull-1.1.3.1.jar;C:\Users\245098\.m2\repository\javax\ws\rs\jsr311-api\1.1.1\jsr311-api-1.1.1.jar;C:\Users\245098\.m2\repository\com\netflix\servo\servo-core\0.12.21\servo-core-0.12.21.jar;C:\Users\245098\.m2\repository\com\google\guava\guava\19.0\guava-19.0.jar;C:\Users\245098\.m2\repository\org\apache\httpcomponents\httpclient\4.5.14\httpclient-4.5.14.jar;C:\Users\245098\.m2\repository\commons-codec\commons-codec\1.15\commons-codec-1.15.jar;C:\Users\245098\.m2\repository\commons-configuration\commons-configuration\1.10\commons-configuration-1.10.jar;C:\Users\245098\.m2\repository\commons-lang\commons-lang\2.6\commons-lang-2.6.jar;C:\Users\245098\.m2\repository\com\google\inject\guice\4.1.0\guice-4.1.0.jar;C:\Users\245098\.m2\repository\javax\inject\javax.inject\1\javax.inject-1.jar;C:\Users\245098\.m2\repository\com\fasterxml\jackson\core\jackson-annotations\2.13.5\jackson-annotations-2.13.5.jar;C:\Users\245098\.m2\repository\org\codehaus\jettison\jettison\1.4.0\jettison-1.4.0.jar;C:\Users\245098\.m2\repository\com\netflix\eureka\eureka-core\1.10.17\eureka-core-1.10.17.jar;C:\Users\245098\.m2\repository\com\fasterxml\woodstox\woodstox-core\6.2.1\woodstox-core-6.2.1.jar;C:\Users\245098\.m2\repository\org\codehaus\woodstox\stax2-api\4.2.1\stax2-api-4.2.1.jar;C:\Users\245098\.m2\repository\org\springframework\cloud\spring-cloud-starter-loadbalancer\3.1.6\spring-cloud-starter-loadbalancer-3.1.6.jar;C:\Users\245098\.m2\repository\org\springframework\cloud\spring-cloud-loadbalancer\3.1.6\spring-cloud-loadbalancer-3.1.6.jar;C:\Users\245098\.m2\repository\io\projectreactor\reactor-core\3.4.29\reactor-core-3.4.29.jar;C:\Users\245098\.m2\repository\io\projectreactor\addons\reactor-extra\3.4.10\reactor-extra-3.4.10.jar;C:\Users\245098\.m2\repository\org\springframework\boot\spring-boot-starter-cache\2.7.12\spring-boot-starter-cache-2.7.12.jar;C:\Users\245098\.m2\repository\org\springframework\spring-context-support\5.3.27\spring-context-support-5.3.27.jar;C:\Users\245098\.m2\repository\com\stoyanr\evictor\1.0.0\evictor-1.0.0.jar;"/>
    <property name="sun.cpu.endian" value="little"/>
    <property name="user.home" value="C:\Users\245098"/>
    <property name="user.language" value="en"/>
    <property name="java.specification.vendor" value="Oracle Corporation"/>
    <property name="java.version.date" value="2023-01-17"/>
    <property name="java.home" value="C:\Users\245098\Downloads\jdk-19_windows-x64_bin\jdk-19.0.2"/>
    <property name="file.separator" value="\"/>
    <property name="basedir" value="C:\Users\245098\Documents\Capstone Project\music_listing_backend-main\Admin_Service"/>
    <property name="java.vm.compressedOopsMode" value="32-bit"/>
    <property name="line.separator" value="&#10;"/>
    <property name="java.vm.specification.vendor" value="Oracle Corporation"/>
    <property name="java.specification.name" value="Java Platform API Specification"/>
    <property name="surefire.real.class.path" value="C:\Users\245098\AppData\Local\Temp\surefire17065021958400782198\surefirebooter3699918532145154974.jar"/>
    <property name="user.script" value=""/>
    <property name="sun.management.compiler" value="HotSpot 64-Bit Tiered Compilers"/>
    <property name="java.runtime.version" value="19.0.2+7-44"/>
    <property name="user.name" value="245098"/>
    <property name="stdout.encoding" value="Cp1252"/>
    <property name="path.separator" value=";"/>
    <property name="os.version" value="10.0"/>
    <property name="java.runtime.name" value="Java(TM) SE Runtime Environment"/>
    <property name="file.encoding" value="UTF-8"/>
    <property name="java.vm.name" value="Java HotSpot(TM) 64-Bit Server VM"/>
    <property name="localRepository" value="C:\Users\245098\.m2\repository"/>
    <property name="java.vendor.url.bug" value="https://bugreport.java.com/bugreport/"/>
    <property name="java.io.tmpdir" value="C:\Users\245098\AppData\Local\Temp\"/>
    <property name="idea.version" value="2022.3.3"/>
    <property name="java.version" value="19.0.2"/>
    <property name="user.dir" value="C:\Users\245098\Documents\Capstone Project\music_listing_backend-main\Admin_Service"/>
    <property name="os.arch" value="amd64"/>
    <property name="java.vm.specification.name" value="Java Virtual Machine Specification"/>
    <property name="sun.os.patch.level" value=""/>
    <property name="native.encoding" value="Cp1252"/>
    <property name="java.library.path" value="C:\Users\245098\Downloads\jdk-19_windows-x64_bin\jdk-19.0.2\bin;C:\Windows\Sun\Java\bin;C:\Windows\system32;C:\Windows;C:\Windows\system32;C:\Windows;C:\Windows\System32\Wbem;C:\Windows\System32\WindowsPowerShell\v1.0\;C:\Windows\System32\OpenSSH\;C:\Program Files (x86)\PuTTY\;C:\Windows\CCM;C:\Program Files (x86)\Pulse Secure\VC142.CRT\X64\;C:\Program Files (x86)\Pulse Secure\VC142.CRT\X86\;C:\Program Files (x86)\Common Files\Pulse Secure\VC142.CRT\X64\;C:\Program Files (x86)\Common Files\Pulse Secure\VC142.CRT\X86\;C:\Windows\CCM;C:\Windows\CCM;C:\Windows\CCM;C:\Windows\CCM;C:\Program Files\PuTTY\;C:\Users\245098\AppData\Local\Microsoft\WindowsApps;C:\Users\245098\Downloads\jdk-19_windows-x64_bin\jdk-19.0.2\bin;;C:\Users\245098\AppData\Local\Programs\Microsoft VS Code\bin;."/>
    <property name="java.vm.info" value="mixed mode, sharing"/>
    <property name="stderr.encoding" value="Cp1252"/>
    <property name="java.vendor" value="Oracle Corporation"/>
    <property name="java.vm.version" value="19.0.2+7-44"/>
    <property name="sun.io.unicode.encoding" value="UnicodeLittle"/>
    <property name="java.class.version" value="63.0"/>
  </properties>
  <testcase name="testFetchById_MusicRepositoryReturnsAbsent" classname="com.ust.admin_service.service.MusicServiceTest" time="0.067"/>
  <testcase name="testAdd" classname="com.ust.admin_service.service.MusicServiceTest" time="0.015"/>
  <testcase name="testView" classname="com.ust.admin_service.service.MusicServiceTest" time="0.018"/>
  <testcase name="testFetchById" classname="com.ust.admin_service.service.MusicServiceTest" time="0.001"/>
  <testcase name="testUpdate_MusicRepositoryFindByIdReturnsAbsent" classname="com.ust.admin_service.service.MusicServiceTest" time="0.003"/>
  <testcase name="testDelete_MusicRepositoryFindByIdReturnsAbsent" classname="com.ust.admin_service.service.MusicServiceTest" time="0.002"/>
  <testcase name="testDelete" classname="com.ust.admin_service.service.MusicServiceTest" time="0.006"/>
  <testcase name="testView_MusicRepositoryReturnsNoItems" classname="com.ust.admin_service.service.MusicServiceTest" time="0.003"/>
  <testcase name="testUpdate" classname="com.ust.admin_service.service.MusicServiceTest" time="0.004"/>
</testsuite>